2025-04-12 08:32:00 +0000  Initial pipeline context: <IDEDistributionProcessingPipelineContext: 0x133f93770; archive(resolved)="<IDEArchive: 0x600013ea9500>", distributionTask(resolved)="1", distributionDestination(resolved)="2", distributionMethod(resolved)="<IDEDistributionMethodiOSAppStoreValidation: 0x60000d45c1b0>", team(resolved)="<IDEProvisioningDisambiguatableBasicTeam: 0x6000103d3c80; teamID='8BG6CPVQP5', teamName='SZU HAN LEE', teamType='Individual', username='a82052404@gmail.com', isFreeProvisioningTeam='0'>">
	Chain (17, self inclusive):
	<IDEDistributionProcessingPipelineContext: 0x133f93770; archive = "<IDEArchive: 0x600013ea9500>", distributionMethod="<IDEDistributionMethodiOSAppStoreValidation: 0x60000d45c1b0>", team="<IDEProvisioningDisambiguatableBasicTeam: 0x6000103d3c80; teamID='8BG6CPVQP5', teamName='SZU HAN LEE', teamType='Individual', username='a82052404@gmail.com', isFreeProvisioningTeam='0'>">
	<IDEDistributionProcessingPipelineContext: 0x1719f86e0; archive = "<IDEArchive: 0x600013ea9500>", distributionMethod="<IDEDistributionMethodiOSAppStoreValidation: 0x60000d45c1b0>", team="<IDEProvisioningDisambiguatableBasicTeam: 0x6000103d3c80; teamID='8BG6CPVQP5', teamName='SZU HAN LEE', teamType='Individual', username='a82052404@gmail.com', isFreeProvisioningTeam='0'>">
	<IDEDistributionContext: 0x133fa4690; archive = "<IDEArchive: 0x600013ea9500>", distributionMethod="<IDEDistributionMethodiOSAppStoreValidation: 0x60000d45c1b0>", team="<IDEProvisioningDisambiguatableBasicTeam: 0x6000103d3c80; teamID='8BG6CPVQP5', teamName='SZU HAN LEE', teamType='Individual', username='a82052404@gmail.com', isFreeProvisioningTeam='0'>">
	<IDEDistributionContext: 0x175458430; archive = "<IDEArchive: 0x600013ea9500>", distributionMethod="<IDEDistributionMethodiOSAppStoreValidation: 0x60000d45c1b0>", team="<IDEProvisioningDisambiguatableBasicTeam: 0x6000103d3c80; teamID='8BG6CPVQP5', teamName='SZU HAN LEE', teamType='Individual', username='a82052404@gmail.com', isFreeProvisioningTeam='0'>">
	<IDEDistributionContext: 0x127c45a00; archive = "<IDEArchive: 0x600013ea9500>", distributionMethod="<IDEDistributionMethodiOSAppStoreValidation: 0x60000d45c1b0>", team="<IDEProvisioningDisambiguatableBasicTeam: 0x6000103d3c80; teamID='8BG6CPVQP5', teamName='SZU HAN LEE', teamType='Individual', username='a82052404@gmail.com', isFreeProvisioningTeam='0'>">
	<IDEDistributionContext: 0x1415649f0; archive = "<IDEArchive: 0x600013ea9500>", distributionMethod="<IDEDistributionMethodiOSAppStoreValidation: 0x60000d45c1b0>", team="<IDEProvisioningDisambiguatableBasicTeam: 0x6000103d3c80; teamID='8BG6CPVQP5', teamName='SZU HAN LEE', teamType='Individual', username='a82052404@gmail.com', isFreeProvisioningTeam='0'>">
	<IDEDistributionContext: 0x339c0b5c0; archive = "<IDEArchive: 0x600013ea9500>", distributionMethod="<IDEDistributionMethodiOSAppStoreValidation: 0x60000d45c1b0>", team="<IDEProvisioningDisambiguatableBasicTeam: 0x6000103d3c80; teamID='8BG6CPVQP5', teamName='SZU HAN LEE', teamType='Individual', username='a82052404@gmail.com', isFreeProvisioningTeam='0'>">
	<IDEDistributionContext: 0x339bcc980; archive = "<IDEArchive: 0x600013ea9500>", distributionMethod="<IDEDistributionMethodiOSAppStoreValidation: 0x60000d45c1b0>", team="<IDEProvisioningDisambiguatableBasicTeam: 0x6000103d3c80; teamID='8BG6CPVQP5', teamName='SZU HAN LEE', teamType='Individual', username='a82052404@gmail.com', isFreeProvisioningTeam='0'>">
	<IDEDistributionContext: 0x3392097c0; archive = "<IDEArchive: 0x600013ea9500>", distributionMethod="<IDEDistributionMethodiOSAppStoreValidation: 0x60000d45c1b0>", team="<IDEProvisioningDisambiguatableBasicTeam: 0x6000103d3c80; teamID='8BG6CPVQP5', teamName='SZU HAN LEE', teamType='Individual', username='a82052404@gmail.com', isFreeProvisioningTeam='0'>">
	<IDEDistributionContext: 0x339a69670; archive = "<IDEArchive: 0x600013ea9500>", distributionMethod="<IDEDistributionMethodiOSAppStoreValidation: 0x60000d45c1b0>", team="<IDEProvisioningDisambiguatableBasicTeam: 0x6000103d3c80; teamID='8BG6CPVQP5', teamName='SZU HAN LEE', teamType='Individual', username='a82052404@gmail.com', isFreeProvisioningTeam='0'>">
	<IDEDistributionContext: 0x339bea810; archive = "<IDEArchive: 0x600013ea9500>", distributionMethod="<IDEDistributionMethodiOSAppStoreValidation: 0x60000d45c1b0>", team="<IDEProvisioningDisambiguatableBasicTeam: 0x6000103d3c80; teamID='8BG6CPVQP5', teamName='SZU HAN LEE', teamType='Individual', username='a82052404@gmail.com', isFreeProvisioningTeam='0'>">
	<IDEDistributionContext: 0x339263a90; archive = "<IDEArchive: 0x600013ea9500>", distributionMethod="<IDEDistributionMethodiOSAppStoreValidation: 0x60000d45c1b0>", team="<IDEProvisioningDisambiguatableBasicTeam: 0x6000103d3c80; teamID='8BG6CPVQP5', teamName='SZU HAN LEE', teamType='Individual', username='a82052404@gmail.com', isFreeProvisioningTeam='0'>">
	<IDEDistributionContext: 0x339be8900; archive = "<IDEArchive: 0x600013ea9500>", distributionMethod="<IDEDistributionMethodiOSAppStoreValidation: 0x60000d45c1b0>", team="(null)">
	<IDEDistributionContext: 0x133f15850; archive = "<IDEArchive: 0x600013ea9500>", distributionMethod="<IDEDistributionMethodiOSAppStoreValidation: 0x60000d45c1b0>", team="(null)">
	<IDEDistributionContext: 0x171978ca0; archive = "<IDEArchive: 0x600013ea9500>", distributionMethod="(null)", team="(null)">
	<IDEDistributionContext: 0x141563b20; archive = "<IDEArchive: 0x600013ea9500>", distributionMethod="(null)", team="(null)">
	<IDEDistributionContext: 0x3399b7700; archive = "<IDEArchive: 0x600013ea9500>", distributionMethod="(null)", team="(null)">
</IDEDistributionProcessingPipelineContext: 0x133f93770>
2025-04-12 08:32:00 +0000  Processing step: IDEDistributionCreateDestRootStep
2025-04-12 08:32:00 +0000  Processing step: IDEDistributionCopyItemStep
2025-04-12 08:32:00 +0000  Running /usr/bin/ditto '-V' '/Users/michaellee/Library/Developer/Xcode/Archives/2025-04-12/powernap Watch App 4-12-25, 4.31 PM.xcarchive/Products/Applications/powernap.app' '/var/folders/9t/5dmd_b2d5s38qhtl8_9_7b0c0000gn/T/XcodeDistPipeline.~~~IuyXzQ/Root/Payload/powernap.app'
2025-04-12 08:32:00 +0000  >>> Copying /Users/michaellee/Library/Developer/Xcode/Archives/2025-04-12/powernap Watch App 4-12-25, 4.31 PM.xcarchive/Products/Applications/powernap.app 
2025-04-12 08:32:00 +0000  copying file ./_CodeSignature/CodeResources ... 
2025-04-12 08:32:00 +0000  5217 bytes for ./_CodeSignature/CodeResources
2025-04-12 08:32:00 +0000  copying file ./powernap ... 
2025-04-12 08:32:00 +0000  69200 bytes for ./powernap
2025-04-12 08:32:00 +0000  copying file ./Assets.car ... 
2025-04-12 08:32:00 +0000  25823 bytes for ./Assets.car
2025-04-12 08:32:00 +0000  copying file ./Watch/powernap Watch App.app/_CodeSignature/CodeResources ... 
2025-04-12 08:32:00 +0000  2461 bytes for ./Watch/powernap Watch App.app/_CodeSignature/CodeResources
2025-04-12 08:32:00 +0000  copying file ./Watch/powernap Watch App.app/powernap Watch App ... 
2025-04-12 08:32:00 +0000  752640 bytes for ./Watch/powernap Watch App.app/powernap Watch App
2025-04-12 08:32:00 +0000  copying file ./Watch/powernap Watch App.app/Assets.car ... 
2025-04-12 08:32:00 +0000  1322671 bytes for ./Watch/powernap Watch App.app/Assets.car
2025-04-12 08:32:00 +0000  copying file ./Watch/powernap Watch App.app/embedded.mobileprovision ... 
2025-04-12 08:32:00 +0000  13005 bytes for ./Watch/powernap Watch App.app/embedded.mobileprovision
2025-04-12 08:32:00 +0000  copying file ./Watch/powernap Watch App.app/Info.plist ... 
2025-04-12 08:32:00 +0000  1096 bytes for ./Watch/powernap Watch App.app/Info.plist
2025-04-12 08:32:00 +0000  copying file ./Watch/powernap Watch App.app/PkgInfo ... 
2025-04-12 08:32:00 +0000  8 bytes for ./Watch/powernap Watch App.app/PkgInfo
2025-04-12 08:32:00 +0000  copying file ./MessagesApplicationStub76x76@2x~ipad.png ... 
2025-04-12 08:32:00 +0000  591 bytes for ./MessagesApplicationStub76x76@2x~ipad.png
2025-04-12 08:32:00 +0000  copying file ./embedded.mobileprovision ... 
2025-04-12 08:32:00 +0000  12570 bytes for ./embedded.mobileprovision
2025-04-12 08:32:00 +0000  copying file ./MessagesApplicationStub60x60@2x.png ... 
2025-04-12 08:32:00 +0000  502 bytes for ./MessagesApplicationStub60x60@2x.png
2025-04-12 08:32:00 +0000  copying file ./Info.plist ... 
2025-04-12 08:32:00 +0000  1110 bytes for ./Info.plist
2025-04-12 08:32:00 +0000  copying file ./PkgInfo ... 
2025-04-12 08:32:00 +0000  8 bytes for ./PkgInfo
2025-04-12 08:32:00 +0000  /usr/bin/ditto exited with 0
2025-04-12 08:32:00 +0000  Processing step: IDEDistributionEmbedProfileStep
2025-04-12 08:32:00 +0000  Processing step: IDEDistributionInfoPlistStep
2025-04-12 08:32:00 +0000  Skipping setting DTXcodeBuildDistribution because toolsBuildVersionName was nil.
2025-04-12 08:32:00 +0000  Skipping setting DTXcodeBuildDistribution because toolsBuildVersionName was nil.
2025-04-12 08:32:00 +0000  Processing step: IDEDistributionItemRemovalStep
2025-04-12 08:32:00 +0000  Processing step: IDEDistributionAppThinningPlistStep
2025-04-12 08:32:00 +0000  Skipping step: IDEDistributionAppThinningPlistStep because it said so
2025-04-12 08:32:00 +0000  Processing step: IDEDistributionSymbolsStep
2025-04-12 08:32:00 +0000  Writing /var/folders/9t/5dmd_b2d5s38qhtl8_9_7b0c0000gn/T/XcodeDistPipeline.~~~IuyXzQ/Symbols/11FED564-61C1-3BF1-A4D1-7D573BB2624A.symbols
2025-04-12 08:32:00 +0000  Writing /var/folders/9t/5dmd_b2d5s38qhtl8_9_7b0c0000gn/T/XcodeDistPipeline.~~~IuyXzQ/Symbols/0DBC4125-865B-36A7-8155-37ED545A842D.symbols
2025-04-12 08:32:00 +0000  Writing /var/folders/9t/5dmd_b2d5s38qhtl8_9_7b0c0000gn/T/XcodeDistPipeline.~~~IuyXzQ/Symbols/11FED564-61C1-3BF1-A4D1-7D573BB2624A.symbols
2025-04-12 08:32:00 +0000  Writing /var/folders/9t/5dmd_b2d5s38qhtl8_9_7b0c0000gn/T/XcodeDistPipeline.~~~IuyXzQ/Symbols/0DBC4125-865B-36A7-8155-37ED545A842D.symbols
2025-04-12 08:32:00 +0000  Processing step: IDEDistributionCopyAppleProvidedContentStep
2025-04-12 08:32:00 +0000  Processing step: IDEDistributionAppThinningStep
2025-04-12 08:32:00 +0000  Skipping step: IDEDistributionAppThinningStep because it said so
2025-04-12 08:32:00 +0000  Processing step: IDEDistributionArchThinningStep
2025-04-12 08:32:00 +0000  Item /Users/michaellee/Library/Developer/Xcode/Archives/2025-04-12/powernap Watch App 4-12-25, 4.31 PM.xcarchive/Products/Applications/powernap.app/Watch/powernap Watch App.app doesn't have the entitlement com.apple.developer.web-browser-engine.host enabled, returning ["arm64e"]
2025-04-12 08:32:00 +0000  Archs to thin for item /Users/michaellee/Library/Developer/Xcode/Archives/2025-04-12/powernap Watch App 4-12-25, 4.31 PM.xcarchive/Products/Applications/powernap.app/Watch/powernap Watch App.app are ["arm64e"]
2025-04-12 08:32:00 +0000  Running /Applications/Xcode.app/Contents/Developer/Toolchains/XcodeDefault.xctoolchain/usr/bin/lipo '/var/folders/9t/5dmd_b2d5s38qhtl8_9_7b0c0000gn/T/XcodeDistPipeline.~~~IuyXzQ/Root/Payload/powernap.app/Watch/powernap Watch App.app/powernap Watch App' '-verify_arch' 'arm64e'
2025-04-12 08:32:00 +0000  /Applications/Xcode.app/Contents/Developer/Toolchains/XcodeDefault.xctoolchain/usr/bin/lipo exited with 1
2025-04-12 08:32:00 +0000  Skipping architecture thinning for item "powernap Watch App" because arch "arm64e" wasn't found
2025-04-12 08:32:00 +0000  Item /Users/michaellee/Library/Developer/Xcode/Archives/2025-04-12/powernap Watch App 4-12-25, 4.31 PM.xcarchive/Products/Applications/powernap.app doesn't have the entitlement com.apple.developer.web-browser-engine.host enabled, returning ["arm64e"]
2025-04-12 08:32:00 +0000  Archs to thin for item /Users/michaellee/Library/Developer/Xcode/Archives/2025-04-12/powernap Watch App 4-12-25, 4.31 PM.xcarchive/Products/Applications/powernap.app are ["arm64e"]
2025-04-12 08:32:00 +0000  Running /Applications/Xcode.app/Contents/Developer/Toolchains/XcodeDefault.xctoolchain/usr/bin/lipo '/var/folders/9t/5dmd_b2d5s38qhtl8_9_7b0c0000gn/T/XcodeDistPipeline.~~~IuyXzQ/Root/Payload/powernap.app/powernap' '-verify_arch' 'arm64e'
2025-04-12 08:32:00 +0000  /Applications/Xcode.app/Contents/Developer/Toolchains/XcodeDefault.xctoolchain/usr/bin/lipo exited with 1
2025-04-12 08:32:00 +0000  Skipping architecture thinning for item "powernap" because arch "arm64e" wasn't found
2025-04-12 08:32:00 +0000  Processing step: IDEDistributionODRStep
2025-04-12 08:32:00 +0000  Processing step: IDEDistributionStripXattrsStep
2025-04-12 08:32:00 +0000  Skipping stripping extended attributes because the codesign step will strip them.
2025-04-12 08:32:00 +0000  Skipping stripping extended attributes because the codesign step will strip them.
2025-04-12 08:32:00 +0000  Processing step: IDEDistributionCodesignStep
2025-04-12 08:32:00 +0000  Entitlements for <IDEDistributionItem: 0x6000232b6640; bundleID='com.michaellee.powernap.watchkitapp', path='<DVTFilePath:0x60001648fcc0:'/Users/michaellee/Library/Developer/Xcode/Archives/2025-04-12/powernap Watch App 4-12-25, 4.31 PM.xcarchive/Products/Applications/powernap.app/Watch/powernap Watch App.app'>', codeSigningInfo='<_DVTCodeSigningInformation_Path: 0x6000030e17c0; isSigned='1', isAdHocSigned='0', signingCertificate='<DVTSigningCertificate: 0x600006c74600; name='Apple Development: a82052404@gmail.com (DW576443N8)', hash='EA9B54E7CE161B16A4BF747A4DAD1BC72A2EC3F2', serialNumber='12DECCE084D49529E9C43304267B5EF8', certificateKinds='(
    "1.2.840.113635.100.6.1.12",
    "1.2.840.113635.100.6.1.2"
), issueDate='2025-03-17 13:00:40 +0000''>', entitlements='{
    "application-identifier" = "8BG6CPVQP5.com.michaellee.powernap.watchkitapp";
    "com.apple.developer.healthkit" = 1;
    "com.apple.developer.healthkit.background-delivery" = 1;
    "com.apple.developer.team-identifier" = 8BG6CPVQP5;
    "get-task-allow" = 1;
}', teamID='8BG6CPVQP5', identifier='com.michaellee.powernap.watchkitapp', executablePath='<DVTFilePath:0x60000b85a100:'/Users/michaellee/Library/Developer/Xcode/Archives/2025-04-12/powernap Watch App 4-12-25, 4.31 PM.xcarchive/Products/Applications/powernap.app/Watch/powernap Watch App.app/powernap Watch App'>', hardenedRuntime='0'>'>: {
    "application-identifier" = "8BG6CPVQP5.com.michaellee.powernap.watchkitapp";
    "beta-reports-active" = 1;
    "com.apple.developer.healthkit" = 1;
    "com.apple.developer.healthkit.background-delivery" = 1;
    "com.apple.developer.team-identifier" = 8BG6CPVQP5;
    "get-task-allow" = 0;
}
2025-04-12 08:32:00 +0000  Associated App Clip Identifiers Filter: Skipping because "com.apple.developer.associated-appclip-app-identifiers" is not present
2025-04-12 08:32:00 +0000  Entitlements for <IDEDistributionItem: 0x6000232b6640; bundleID='com.michaellee.powernap.watchkitapp', path='<DVTFilePath:0x60001648fcc0:'/Users/michaellee/Library/Developer/Xcode/Archives/2025-04-12/powernap Watch App 4-12-25, 4.31 PM.xcarchive/Products/Applications/powernap.app/Watch/powernap Watch App.app'>', codeSigningInfo='<_DVTCodeSigningInformation_Path: 0x6000030e17c0; isSigned='1', isAdHocSigned='0', signingCertificate='<DVTSigningCertificate: 0x6000023a6040; name='Apple Development: a82052404@gmail.com (DW576443N8)', hash='EA9B54E7CE161B16A4BF747A4DAD1BC72A2EC3F2', serialNumber='12DECCE084D49529E9C43304267B5EF8', certificateKinds='(
    "1.2.840.113635.100.6.1.12",
    "1.2.840.113635.100.6.1.2"
), issueDate='2025-03-17 13:00:40 +0000''>', entitlements='{
    "application-identifier" = "8BG6CPVQP5.com.michaellee.powernap.watchkitapp";
    "com.apple.developer.healthkit" = 1;
    "com.apple.developer.healthkit.background-delivery" = 1;
    "com.apple.developer.team-identifier" = 8BG6CPVQP5;
    "get-task-allow" = 1;
}', teamID='8BG6CPVQP5', identifier='com.michaellee.powernap.watchkitapp', executablePath='<DVTFilePath:0x60000b85a100:'/Users/michaellee/Library/Developer/Xcode/Archives/2025-04-12/powernap Watch App 4-12-25, 4.31 PM.xcarchive/Products/Applications/powernap.app/Watch/powernap Watch App.app/powernap Watch App'>', hardenedRuntime='0'>'> are: {
    "application-identifier" = "8BG6CPVQP5.com.michaellee.powernap.watchkitapp";
    "beta-reports-active" = 1;
    "com.apple.developer.healthkit" = 1;
    "com.apple.developer.healthkit.background-delivery" = 1;
    "com.apple.developer.team-identifier" = 8BG6CPVQP5;
    "get-task-allow" = 0;
}
2025-04-12 08:32:00 +0000  Writing entitlements for <IDEDistributionItem: 0x6000232b6640; bundleID='com.michaellee.powernap.watchkitapp', path='<DVTFilePath:0x60001648fcc0:'/Users/michaellee/Library/Developer/Xcode/Archives/2025-04-12/powernap Watch App 4-12-25, 4.31 PM.xcarchive/Products/Applications/powernap.app/Watch/powernap Watch App.app'>', codeSigningInfo='<_DVTCodeSigningInformation_Path: 0x6000030e17c0; isSigned='1', isAdHocSigned='0', signingCertificate='<DVTSigningCertificate: 0x6000023abd80; name='Apple Development: a82052404@gmail.com (DW576443N8)', hash='EA9B54E7CE161B16A4BF747A4DAD1BC72A2EC3F2', serialNumber='12DECCE084D49529E9C43304267B5EF8', certificateKinds='(
    "1.2.840.113635.100.6.1.12",
    "1.2.840.113635.100.6.1.2"
), issueDate='2025-03-17 13:00:40 +0000''>', entitlements='{
    "application-identifier" = "8BG6CPVQP5.com.michaellee.powernap.watchkitapp";
    "com.apple.developer.healthkit" = 1;
    "com.apple.developer.healthkit.background-delivery" = 1;
    "com.apple.developer.team-identifier" = 8BG6CPVQP5;
    "get-task-allow" = 1;
}', teamID='8BG6CPVQP5', identifier='com.michaellee.powernap.watchkitapp', executablePath='<DVTFilePath:0x60000b85a100:'/Users/michaellee/Library/Developer/Xcode/Archives/2025-04-12/powernap Watch App 4-12-25, 4.31 PM.xcarchive/Products/Applications/powernap.app/Watch/powernap Watch App.app/powernap Watch App'>', hardenedRuntime='0'>'> to: /var/folders/9t/5dmd_b2d5s38qhtl8_9_7b0c0000gn/T/XcodeDistPipeline.~~~IuyXzQ/entitlements~~~Ck9vy6
2025-04-12 08:32:00 +0000  invoking codesign: <NSConcreteTask: 0x6000030d68f0; launchPath='/usr/bin/codesign', arguments='(
    "-f",
    "-s",
    BB5E266F3EB71436A79DB7AB236580D3DC400943,
    "--entitlements",
    "/var/folders/9t/5dmd_b2d5s38qhtl8_9_7b0c0000gn/T/XcodeDistPipeline.~~~IuyXzQ/entitlements~~~Ck9vy6",
    "--preserve-metadata=identifier,flags,runtime",
    "--generate-entitlement-der",
    "--strip-disallowed-xattrs",
    "-vvv",
    "/var/folders/9t/5dmd_b2d5s38qhtl8_9_7b0c0000gn/T/XcodeDistPipeline.~~~IuyXzQ/Root/Payload/powernap.app/Watch/powernap Watch App.app"
)'>
2025-04-12 08:32:01 +0000  codesign output: /var/folders/9t/5dmd_b2d5s38qhtl8_9_7b0c0000gn/T/XcodeDistPipeline.~~~IuyXzQ/Root/Payload/powernap.app/Watch/powernap Watch App.app: replacing existing signature
/var/folders/9t/5dmd_b2d5s38qhtl8_9_7b0c0000gn/T/XcodeDistPipeline.~~~IuyXzQ/Root/Payload/powernap.app/Watch/powernap Watch App.app: signed app bundle with Mach-O universal (arm64 arm64_32) [com.michaellee.powernap.watchkitapp]
2025-04-12 08:32:01 +0000  Entitlements for <IDEDistributionItem: 0x6000232b4060; bundleID='com.michaellee.powernap', path='<DVTFilePath:0x6000232ee940:'/Users/michaellee/Library/Developer/Xcode/Archives/2025-04-12/powernap Watch App 4-12-25, 4.31 PM.xcarchive/Products/Applications/powernap.app'>', codeSigningInfo='<_DVTCodeSigningInformation_Path: 0x6000037fe490; isSigned='1', isAdHocSigned='0', signingCertificate='<DVTSigningCertificate: 0x600006c07a80; name='Apple Development: a82052404@gmail.com (DW576443N8)', hash='EA9B54E7CE161B16A4BF747A4DAD1BC72A2EC3F2', serialNumber='12DECCE084D49529E9C43304267B5EF8', certificateKinds='(
    "1.2.840.113635.100.6.1.12",
    "1.2.840.113635.100.6.1.2"
), issueDate='2025-03-17 13:00:40 +0000''>', entitlements='{
    "application-identifier" = "8BG6CPVQP5.com.michaellee.powernap";
    "com.apple.developer.team-identifier" = 8BG6CPVQP5;
    "get-task-allow" = 1;
}', teamID='8BG6CPVQP5', identifier='com.michaellee.powernap', executablePath='<DVTFilePath:0x6000232ed080:'/Users/michaellee/Library/Developer/Xcode/Archives/2025-04-12/powernap Watch App 4-12-25, 4.31 PM.xcarchive/Products/Applications/powernap.app/powernap'>', hardenedRuntime='0'>'>: {
    "application-identifier" = "8BG6CPVQP5.com.michaellee.powernap";
    "beta-reports-active" = 1;
    "com.apple.developer.team-identifier" = 8BG6CPVQP5;
    "get-task-allow" = 0;
}
2025-04-12 08:32:01 +0000  Associated App Clip Identifiers Filter: Skipping because "com.apple.developer.associated-appclip-app-identifiers" is not present
2025-04-12 08:32:01 +0000  Entitlements for <IDEDistributionItem: 0x6000232b4060; bundleID='com.michaellee.powernap', path='<DVTFilePath:0x6000232ee940:'/Users/michaellee/Library/Developer/Xcode/Archives/2025-04-12/powernap Watch App 4-12-25, 4.31 PM.xcarchive/Products/Applications/powernap.app'>', codeSigningInfo='<_DVTCodeSigningInformation_Path: 0x6000037fe490; isSigned='1', isAdHocSigned='0', signingCertificate='<DVTSigningCertificate: 0x600006c680c0; name='Apple Development: a82052404@gmail.com (DW576443N8)', hash='EA9B54E7CE161B16A4BF747A4DAD1BC72A2EC3F2', serialNumber='12DECCE084D49529E9C43304267B5EF8', certificateKinds='(
    "1.2.840.113635.100.6.1.12",
    "1.2.840.113635.100.6.1.2"
), issueDate='2025-03-17 13:00:40 +0000''>', entitlements='{
    "application-identifier" = "8BG6CPVQP5.com.michaellee.powernap";
    "com.apple.developer.team-identifier" = 8BG6CPVQP5;
    "get-task-allow" = 1;
}', teamID='8BG6CPVQP5', identifier='com.michaellee.powernap', executablePath='<DVTFilePath:0x6000232ed080:'/Users/michaellee/Library/Developer/Xcode/Archives/2025-04-12/powernap Watch App 4-12-25, 4.31 PM.xcarchive/Products/Applications/powernap.app/powernap'>', hardenedRuntime='0'>'> are: {
    "application-identifier" = "8BG6CPVQP5.com.michaellee.powernap";
    "beta-reports-active" = 1;
    "com.apple.developer.team-identifier" = 8BG6CPVQP5;
    "get-task-allow" = 0;
}
2025-04-12 08:32:01 +0000  Writing entitlements for <IDEDistributionItem: 0x6000232b4060; bundleID='com.michaellee.powernap', path='<DVTFilePath:0x6000232ee940:'/Users/michaellee/Library/Developer/Xcode/Archives/2025-04-12/powernap Watch App 4-12-25, 4.31 PM.xcarchive/Products/Applications/powernap.app'>', codeSigningInfo='<_DVTCodeSigningInformation_Path: 0x6000037fe490; isSigned='1', isAdHocSigned='0', signingCertificate='<DVTSigningCertificate: 0x600006c6bb40; name='Apple Development: a82052404@gmail.com (DW576443N8)', hash='EA9B54E7CE161B16A4BF747A4DAD1BC72A2EC3F2', serialNumber='12DECCE084D49529E9C43304267B5EF8', certificateKinds='(
    "1.2.840.113635.100.6.1.12",
    "1.2.840.113635.100.6.1.2"
), issueDate='2025-03-17 13:00:40 +0000''>', entitlements='{
    "application-identifier" = "8BG6CPVQP5.com.michaellee.powernap";
    "com.apple.developer.team-identifier" = 8BG6CPVQP5;
    "get-task-allow" = 1;
}', teamID='8BG6CPVQP5', identifier='com.michaellee.powernap', executablePath='<DVTFilePath:0x6000232ed080:'/Users/michaellee/Library/Developer/Xcode/Archives/2025-04-12/powernap Watch App 4-12-25, 4.31 PM.xcarchive/Products/Applications/powernap.app/powernap'>', hardenedRuntime='0'>'> to: /var/folders/9t/5dmd_b2d5s38qhtl8_9_7b0c0000gn/T/XcodeDistPipeline.~~~IuyXzQ/entitlements~~~H4VCy1
2025-04-12 08:32:01 +0000  invoking codesign: <NSConcreteTask: 0x6000030d74d0; launchPath='/usr/bin/codesign', arguments='(
    "-f",
    "-s",
    BB5E266F3EB71436A79DB7AB236580D3DC400943,
    "--entitlements",
    "/var/folders/9t/5dmd_b2d5s38qhtl8_9_7b0c0000gn/T/XcodeDistPipeline.~~~IuyXzQ/entitlements~~~H4VCy1",
    "--preserve-metadata=identifier,flags,runtime",
    "--generate-entitlement-der",
    "--strip-disallowed-xattrs",
    "-vvv",
    "/var/folders/9t/5dmd_b2d5s38qhtl8_9_7b0c0000gn/T/XcodeDistPipeline.~~~IuyXzQ/Root/Payload/powernap.app"
)'>
2025-04-12 08:32:01 +0000  codesign output: /var/folders/9t/5dmd_b2d5s38qhtl8_9_7b0c0000gn/T/XcodeDistPipeline.~~~IuyXzQ/Root/Payload/powernap.app: replacing existing signature
/var/folders/9t/5dmd_b2d5s38qhtl8_9_7b0c0000gn/T/XcodeDistPipeline.~~~IuyXzQ/Root/Payload/powernap.app: signed app bundle with Mach-O universal (arm64) [com.michaellee.powernap]
2025-04-12 08:32:01 +0000  Processing step: IDEDistributionZipODRItemStep
2025-04-12 08:32:01 +0000  Skipping step: IDEDistributionZipODRItemStep because it said so
2025-04-12 08:32:01 +0000  Skipping step: IDEDistributionZipODRItemStep because it said so
2025-04-12 08:32:01 +0000  Processing step: IDEDistributionCreateIPAStep
2025-04-12 08:32:01 +0000  Running /usr/bin/rsync '-8aPhhE' '/var/folders/9t/5dmd_b2d5s38qhtl8_9_7b0c0000gn/T/XcodeDistPipeline.~~~IuyXzQ/Symbols' '--link-dest' '/var/folders/9t/5dmd_b2d5s38qhtl8_9_7b0c0000gn/T/XcodeDistPipeline.~~~IuyXzQ' '/var/folders/9t/5dmd_b2d5s38qhtl8_9_7b0c0000gn/T/XcodeDistPipeline.~~~IuyXzQ/Root'
2025-04-12 08:32:01 +0000  building file list ... 
2025-04-12 08:32:01 +0000   0 files...2025-04-12 08:32:01 +0000  3 files to consider
2025-04-12 08:32:01 +0000  Symbols/
2025-04-12 08:32:01 +0000  
sent 199 bytes  received 26 bytes  450.00 bytes/sec
total size is 1.01M  speedup is 4719.36
2025-04-12 08:32:01 +0000  /usr/bin/rsync exited with 0
2025-04-12 08:32:01 +0000  Running /usr/bin/ditto '-V' '-c' '-k' '--norsrc' '/var/folders/9t/5dmd_b2d5s38qhtl8_9_7b0c0000gn/T/XcodeDistPipeline.~~~IuyXzQ/Root' '/var/folders/9t/5dmd_b2d5s38qhtl8_9_7b0c0000gn/T/XcodeDistPipeline.~~~IuyXzQ/Packages/powernap.ipa'
2025-04-12 08:32:01 +0000  >>> Copying /var/folders/9t/5dmd_b2d5s38qhtl8_9_7b0c0000gn/T/XcodeDistPipeline.~~~IuyXzQ/Root 
2025-04-12 08:32:01 +0000  copying file ./Payload/powernap.app/_CodeSignature/CodeResources ... 
2025-04-12 08:32:01 +0000  5217 bytes for ./Payload/powernap.app/_CodeSignature/CodeResources
2025-04-12 08:32:01 +0000  copying file ./Payload/powernap.app/powernap ... 
2025-04-12 08:32:01 +0000  69264 bytes for ./Payload/powernap.app/powernap
2025-04-12 08:32:01 +0000  copying file ./Payload/powernap.app/Assets.car ... 
2025-04-12 08:32:01 +0000  25823 bytes for ./Payload/powernap.app/Assets.car
2025-04-12 08:32:01 +0000  copying file ./Payload/powernap.app/Watch/powernap Watch App.app/_CodeSignature/CodeResources ... 
2025-04-12 08:32:01 +0000  2461 bytes for ./Payload/powernap.app/Watch/powernap Watch App.app/_CodeSignature/CodeResources
2025-04-12 08:32:01 +0000  copying file ./Payload/powernap.app/Watch/powernap Watch App.app/powernap Watch App ... 
2025-04-12 08:32:01 +0000  752704 bytes for ./Payload/powernap.app/Watch/powernap Watch App.app/powernap Watch App
2025-04-12 08:32:01 +0000  copying file ./Payload/powernap.app/Watch/powernap Watch App.app/Assets.car ... 
2025-04-12 08:32:01 +0000  1322671 bytes for ./Payload/powernap.app/Watch/powernap Watch App.app/Assets.car
copying file ./Payload/powernap.app/Watch/powernap Watch App.app/embedded.mobileprovision ... 
2025-04-12 08:32:01 +0000  14953 bytes for ./Payload/powernap.app/Watch/powernap Watch App.app/embedded.mobileprovision
copying file ./Payload/powernap.app/Watch/powernap Watch App.app/Info.plist ... 
2025-04-12 08:32:01 +0000  1096 bytes for ./Payload/powernap.app/Watch/powernap Watch App.app/Info.plist
copying file ./Payload/powernap.app/Watch/powernap Watch App.app/PkgInfo ... 
2025-04-12 08:32:01 +0000  8 bytes for ./Payload/powernap.app/Watch/powernap Watch App.app/PkgInfo
2025-04-12 08:32:01 +0000  copying file ./Payload/powernap.app/MessagesApplicationStub76x76@2x~ipad.png ... 
2025-04-12 08:32:01 +0000  591 bytes for ./Payload/powernap.app/MessagesApplicationStub76x76@2x~ipad.png
copying file ./Payload/powernap.app/embedded.mobileprovision ... 
2025-04-12 08:32:01 +0000  14409 bytes for ./Payload/powernap.app/embedded.mobileprovision
2025-04-12 08:32:01 +0000  copying file ./Payload/powernap.app/MessagesApplicationStub60x60@2x.png ... 
2025-04-12 08:32:01 +0000  502 bytes for ./Payload/powernap.app/MessagesApplicationStub60x60@2x.png
2025-04-12 08:32:01 +0000  copying file ./Payload/powernap.app/Info.plist ... 
2025-04-12 08:32:01 +0000  1110 bytes for ./Payload/powernap.app/Info.plist
2025-04-12 08:32:01 +0000  copying file ./Payload/powernap.app/PkgInfo ... 
2025-04-12 08:32:01 +0000  8 bytes for ./Payload/powernap.app/PkgInfo
2025-04-12 08:32:01 +0000  copying file ./Symbols/0DBC4125-865B-36A7-8155-37ED545A842D.symbols ... 
2025-04-12 08:32:01 +0000  523092 bytes for ./Symbols/0DBC4125-865B-36A7-8155-37ED545A842D.symbols
2025-04-12 08:32:01 +0000  copying file ./Symbols/11FED564-61C1-3BF1-A4D1-7D573BB2624A.symbols ... 
2025-04-12 08:32:01 +0000  538764 bytes for ./Symbols/11FED564-61C1-3BF1-A4D1-7D573BB2624A.symbols
2025-04-12 08:32:01 +0000  /usr/bin/ditto exited with 0
2025-04-12 08:32:01 +0000  Processing step: IDEDistributionAppStoreInformationStep
2025-04-12 08:32:01 +0000  Skipping step: IDEDistributionAppStoreInformationStep because it said so
2025-04-12 08:32:01 +0000  Processing step: IDEDistributionGenerateProcessedDistributionItems
2025-04-12 08:32:01 +0000  IDEDistributionItem init <DVTFilePath:0x60000e49e370:'/var/folders/9t/5dmd_b2d5s38qhtl8_9_7b0c0000gn/T/XcodeDistPipeline.~~~IuyXzQ/Root/Payload/powernap.app/Watch/powernap Watch App.app'>
2025-04-12 08:32:01 +0000  IDEDistributionItem init <DVTFilePath:0x6000232ca160:'/var/folders/9t/5dmd_b2d5s38qhtl8_9_7b0c0000gn/T/XcodeDistPipeline.~~~IuyXzQ/Root/Payload/powernap.app'>
2025-04-12 08:32:01 +0000  Processing step: IDEDistributionCreateManifestStep
2025-04-12 08:32:01 +0000  Skipping step: IDEDistributionCreateManifestStep because it said so
