2025-04-12 08:31:53 +0000 [MT] Beginning distribution assistant for archive: powernap Watch App, task: 1
2025-04-12 08:31:53 +0000 [MT] state.isLastStepViewControllerNameKnown = 0
2025-04-12 08:31:53 +0000 [MT] state.isLastStepViewControllerNameKnown = 0
2025-04-12 08:31:54 +0000 [MT] Proceeding to distribution step IDEDistributionPlanDriverStepViewController, context: <IDEDistributionContext: 0x171978ca0; archive(resolved)="<IDEArchive: 0x600013ea9500>", distributionTask(resolved)="1", distributionDestination(resolved)="(null)", distributionMethod(resolved)="(null)", team(resolved)="(null)">
	Chain (3, self inclusive):
	<IDEDistributionContext: 0x171978ca0; archive = "<IDEArchive: 0x600013ea9500>", distributionMethod="(null)", team="(null)">
	<IDEDistributionContext: 0x141563b20; archive = "<IDEArchive: 0x600013ea9500>", distributionMethod="(null)", team="(null)">
	<IDEDistributionContext: 0x3399b7700; archive = "<IDEArchive: 0x600013ea9500>", distributionMethod="(null)", team="(null)">
</IDEDistributionContext: 0x171978ca0>
2025-04-12 08:31:54 +0000 [MT] state.isLastStepViewControllerNameKnown = 0
2025-04-12 08:31:54 +0000  Starting export with options: {"signingStyle":"automatic","method":"validation","thinning":"<none>","stripSwiftSymbols":true,"destination":"upload","raiseProfileSupportOptionalToRequired":false,"embedOnDemandResourcesAssetPacksInBundle":false,"generateAppStoreInformation":false,"uploadSymbols":true,"manageAppVersionAndBuildNumber":true,"testFlightInternalTestingOnly":false}
2025-04-12 08:31:54 +0000  Running step: IDEDistributionAnalyzeArchiveStep with <IDEDistributionContext: 0x339be8900; archive(resolved)="<IDEArchive: 0x600013ea9500>", distributionTask(resolved)="1", distributionDestination(resolved)="2", distributionMethod(resolved)="<IDEDistributionMethodiOSAppStoreValidation: 0x60000d45c1b0>", team(resolved)="(null)">
	Chain (5, self inclusive):
	<IDEDistributionContext: 0x339be8900; archive = "<IDEArchive: 0x600013ea9500>", distributionMethod="<IDEDistributionMethodiOSAppStoreValidation: 0x60000d45c1b0>", team="(null)">
	<IDEDistributionContext: 0x133f15850; archive = "<IDEArchive: 0x600013ea9500>", distributionMethod="<IDEDistributionMethodiOSAppStoreValidation: 0x60000d45c1b0>", team="(null)">
	<IDEDistributionContext: 0x171978ca0; archive = "<IDEArchive: 0x600013ea9500>", distributionMethod="(null)", team="(null)">
	<IDEDistributionContext: 0x141563b20; archive = "<IDEArchive: 0x600013ea9500>", distributionMethod="(null)", team="(null)">
	<IDEDistributionContext: 0x3399b7700; archive = "<IDEArchive: 0x600013ea9500>", distributionMethod="(null)", team="(null)">
</IDEDistributionContext: 0x339be8900>
2025-04-12 08:31:55 +0000  Running step: IDEDistributionTeamStep with <IDEDistributionContext: 0x339263a90; archive(resolved)="<IDEArchive: 0x600013ea9500>", distributionTask(resolved)="1", distributionDestination(resolved)="2", distributionMethod(resolved)="<IDEDistributionMethodiOSAppStoreValidation: 0x60000d45c1b0>", team(resolved)="<IDEProvisioningDisambiguatableBasicTeam: 0x6000103d3c80; teamID='8BG6CPVQP5', teamName='SZU HAN LEE', teamType='Individual', username='a82052404@gmail.com', isFreeProvisioningTeam='0'>">
	Chain (6, self inclusive):
	<IDEDistributionContext: 0x339263a90; archive = "<IDEArchive: 0x600013ea9500>", distributionMethod="<IDEDistributionMethodiOSAppStoreValidation: 0x60000d45c1b0>", team="<IDEProvisioningDisambiguatableBasicTeam: 0x6000103d3c80; teamID='8BG6CPVQP5', teamName='SZU HAN LEE', teamType='Individual', username='a82052404@gmail.com', isFreeProvisioningTeam='0'>">
	<IDEDistributionContext: 0x339be8900; archive = "<IDEArchive: 0x600013ea9500>", distributionMethod="<IDEDistributionMethodiOSAppStoreValidation: 0x60000d45c1b0>", team="(null)">
	<IDEDistributionContext: 0x133f15850; archive = "<IDEArchive: 0x600013ea9500>", distributionMethod="<IDEDistributionMethodiOSAppStoreValidation: 0x60000d45c1b0>", team="(null)">
	<IDEDistributionContext: 0x171978ca0; archive = "<IDEArchive: 0x600013ea9500>", distributionMethod="(null)", team="(null)">
	<IDEDistributionContext: 0x141563b20; archive = "<IDEArchive: 0x600013ea9500>", distributionMethod="(null)", team="(null)">
	<IDEDistributionContext: 0x3399b7700; archive = "<IDEArchive: 0x600013ea9500>", distributionMethod="(null)", team="(null)">
</IDEDistributionContext: 0x339263a90>
2025-04-12 08:31:55 +0000  Running step: IDEDistributionUploadAccountStep with <IDEDistributionContext: 0x339bea810; archive(resolved)="<IDEArchive: 0x600013ea9500>", distributionTask(resolved)="1", distributionDestination(resolved)="2", distributionMethod(resolved)="<IDEDistributionMethodiOSAppStoreValidation: 0x60000d45c1b0>", team(resolved)="<IDEProvisioningDisambiguatableBasicTeam: 0x6000103d3c80; teamID='8BG6CPVQP5', teamName='SZU HAN LEE', teamType='Individual', username='a82052404@gmail.com', isFreeProvisioningTeam='0'>">
	Chain (7, self inclusive):
	<IDEDistributionContext: 0x339bea810; archive = "<IDEArchive: 0x600013ea9500>", distributionMethod="<IDEDistributionMethodiOSAppStoreValidation: 0x60000d45c1b0>", team="<IDEProvisioningDisambiguatableBasicTeam: 0x6000103d3c80; teamID='8BG6CPVQP5', teamName='SZU HAN LEE', teamType='Individual', username='a82052404@gmail.com', isFreeProvisioningTeam='0'>">
	<IDEDistributionContext: 0x339263a90; archive = "<IDEArchive: 0x600013ea9500>", distributionMethod="<IDEDistributionMethodiOSAppStoreValidation: 0x60000d45c1b0>", team="<IDEProvisioningDisambiguatableBasicTeam: 0x6000103d3c80; teamID='8BG6CPVQP5', teamName='SZU HAN LEE', teamType='Individual', username='a82052404@gmail.com', isFreeProvisioningTeam='0'>">
	<IDEDistributionContext: 0x339be8900; archive = "<IDEArchive: 0x600013ea9500>", distributionMethod="<IDEDistributionMethodiOSAppStoreValidation: 0x60000d45c1b0>", team="(null)">
	<IDEDistributionContext: 0x133f15850; archive = "<IDEArchive: 0x600013ea9500>", distributionMethod="<IDEDistributionMethodiOSAppStoreValidation: 0x60000d45c1b0>", team="(null)">
	<IDEDistributionContext: 0x171978ca0; archive = "<IDEArchive: 0x600013ea9500>", distributionMethod="(null)", team="(null)">
	<IDEDistributionContext: 0x141563b20; archive = "<IDEArchive: 0x600013ea9500>", distributionMethod="(null)", team="(null)">
	<IDEDistributionContext: 0x3399b7700; archive = "<IDEArchive: 0x600013ea9500>", distributionMethod="(null)", team="(null)">
</IDEDistributionContext: 0x339bea810>
2025-04-12 08:31:56 +0000  Running step: IDEDistributionFetchAppRecordStep with <IDEDistributionContext: 0x339a69670; archive(resolved)="<IDEArchive: 0x600013ea9500>", distributionTask(resolved)="1", distributionDestination(resolved)="2", distributionMethod(resolved)="<IDEDistributionMethodiOSAppStoreValidation: 0x60000d45c1b0>", team(resolved)="<IDEProvisioningDisambiguatableBasicTeam: 0x6000103d3c80; teamID='8BG6CPVQP5', teamName='SZU HAN LEE', teamType='Individual', username='a82052404@gmail.com', isFreeProvisioningTeam='0'>">
	Chain (8, self inclusive):
	<IDEDistributionContext: 0x339a69670; archive = "<IDEArchive: 0x600013ea9500>", distributionMethod="<IDEDistributionMethodiOSAppStoreValidation: 0x60000d45c1b0>", team="<IDEProvisioningDisambiguatableBasicTeam: 0x6000103d3c80; teamID='8BG6CPVQP5', teamName='SZU HAN LEE', teamType='Individual', username='a82052404@gmail.com', isFreeProvisioningTeam='0'>">
	<IDEDistributionContext: 0x339bea810; archive = "<IDEArchive: 0x600013ea9500>", distributionMethod="<IDEDistributionMethodiOSAppStoreValidation: 0x60000d45c1b0>", team="<IDEProvisioningDisambiguatableBasicTeam: 0x6000103d3c80; teamID='8BG6CPVQP5', teamName='SZU HAN LEE', teamType='Individual', username='a82052404@gmail.com', isFreeProvisioningTeam='0'>">
	<IDEDistributionContext: 0x339263a90; archive = "<IDEArchive: 0x600013ea9500>", distributionMethod="<IDEDistributionMethodiOSAppStoreValidation: 0x60000d45c1b0>", team="<IDEProvisioningDisambiguatableBasicTeam: 0x6000103d3c80; teamID='8BG6CPVQP5', teamName='SZU HAN LEE', teamType='Individual', username='a82052404@gmail.com', isFreeProvisioningTeam='0'>">
	<IDEDistributionContext: 0x339be8900; archive = "<IDEArchive: 0x600013ea9500>", distributionMethod="<IDEDistributionMethodiOSAppStoreValidation: 0x60000d45c1b0>", team="(null)">
	<IDEDistributionContext: 0x133f15850; archive = "<IDEArchive: 0x600013ea9500>", distributionMethod="<IDEDistributionMethodiOSAppStoreValidation: 0x60000d45c1b0>", team="(null)">
	<IDEDistributionContext: 0x171978ca0; archive = "<IDEArchive: 0x600013ea9500>", distributionMethod="(null)", team="(null)">
	<IDEDistributionContext: 0x141563b20; archive = "<IDEArchive: 0x600013ea9500>", distributionMethod="(null)", team="(null)">
	<IDEDistributionContext: 0x3399b7700; archive = "<IDEArchive: 0x600013ea9500>", distributionMethod="(null)", team="(null)">
</IDEDistributionContext: 0x339a69670>
2025-04-12 08:31:56 +0000  Running step: IDEDistributionCreateAppRecordStep with <IDEDistributionContext: 0x3392097c0; archive(resolved)="<IDEArchive: 0x600013ea9500>", distributionTask(resolved)="1", distributionDestination(resolved)="2", distributionMethod(resolved)="<IDEDistributionMethodiOSAppStoreValidation: 0x60000d45c1b0>", team(resolved)="<IDEProvisioningDisambiguatableBasicTeam: 0x6000103d3c80; teamID='8BG6CPVQP5', teamName='SZU HAN LEE', teamType='Individual', username='a82052404@gmail.com', isFreeProvisioningTeam='0'>">
	Chain (9, self inclusive):
	<IDEDistributionContext: 0x3392097c0; archive = "<IDEArchive: 0x600013ea9500>", distributionMethod="<IDEDistributionMethodiOSAppStoreValidation: 0x60000d45c1b0>", team="<IDEProvisioningDisambiguatableBasicTeam: 0x6000103d3c80; teamID='8BG6CPVQP5', teamName='SZU HAN LEE', teamType='Individual', username='a82052404@gmail.com', isFreeProvisioningTeam='0'>">
	<IDEDistributionContext: 0x339a69670; archive = "<IDEArchive: 0x600013ea9500>", distributionMethod="<IDEDistributionMethodiOSAppStoreValidation: 0x60000d45c1b0>", team="<IDEProvisioningDisambiguatableBasicTeam: 0x6000103d3c80; teamID='8BG6CPVQP5', teamName='SZU HAN LEE', teamType='Individual', username='a82052404@gmail.com', isFreeProvisioningTeam='0'>">
	<IDEDistributionContext: 0x339bea810; archive = "<IDEArchive: 0x600013ea9500>", distributionMethod="<IDEDistributionMethodiOSAppStoreValidation: 0x60000d45c1b0>", team="<IDEProvisioningDisambiguatableBasicTeam: 0x6000103d3c80; teamID='8BG6CPVQP5', teamName='SZU HAN LEE', teamType='Individual', username='a82052404@gmail.com', isFreeProvisioningTeam='0'>">
	<IDEDistributionContext: 0x339263a90; archive = "<IDEArchive: 0x600013ea9500>", distributionMethod="<IDEDistributionMethodiOSAppStoreValidation: 0x60000d45c1b0>", team="<IDEProvisioningDisambiguatableBasicTeam: 0x6000103d3c80; teamID='8BG6CPVQP5', teamName='SZU HAN LEE', teamType='Individual', username='a82052404@gmail.com', isFreeProvisioningTeam='0'>">
	<IDEDistributionContext: 0x339be8900; archive = "<IDEArchive: 0x600013ea9500>", distributionMethod="<IDEDistributionMethodiOSAppStoreValidation: 0x60000d45c1b0>", team="(null)">
	<IDEDistributionContext: 0x133f15850; archive = "<IDEArchive: 0x600013ea9500>", distributionMethod="<IDEDistributionMethodiOSAppStoreValidation: 0x60000d45c1b0>", team="(null)">
	<IDEDistributionContext: 0x171978ca0; archive = "<IDEArchive: 0x600013ea9500>", distributionMethod="(null)", team="(null)">
	<IDEDistributionContext: 0x141563b20; archive = "<IDEArchive: 0x600013ea9500>", distributionMethod="(null)", team="(null)">
	<IDEDistributionContext: 0x3399b7700; archive = "<IDEArchive: 0x600013ea9500>", distributionMethod="(null)", team="(null)">
</IDEDistributionContext: 0x3392097c0>
2025-04-12 08:31:56 +0000  Running step: IDEDistributionAnalyzeVersionStep with <IDEDistributionContext: 0x339bcc980; archive(resolved)="<IDEArchive: 0x600013ea9500>", distributionTask(resolved)="1", distributionDestination(resolved)="2", distributionMethod(resolved)="<IDEDistributionMethodiOSAppStoreValidation: 0x60000d45c1b0>", team(resolved)="<IDEProvisioningDisambiguatableBasicTeam: 0x6000103d3c80; teamID='8BG6CPVQP5', teamName='SZU HAN LEE', teamType='Individual', username='a82052404@gmail.com', isFreeProvisioningTeam='0'>">
	Chain (10, self inclusive):
	<IDEDistributionContext: 0x339bcc980; archive = "<IDEArchive: 0x600013ea9500>", distributionMethod="<IDEDistributionMethodiOSAppStoreValidation: 0x60000d45c1b0>", team="<IDEProvisioningDisambiguatableBasicTeam: 0x6000103d3c80; teamID='8BG6CPVQP5', teamName='SZU HAN LEE', teamType='Individual', username='a82052404@gmail.com', isFreeProvisioningTeam='0'>">
	<IDEDistributionContext: 0x3392097c0; archive = "<IDEArchive: 0x600013ea9500>", distributionMethod="<IDEDistributionMethodiOSAppStoreValidation: 0x60000d45c1b0>", team="<IDEProvisioningDisambiguatableBasicTeam: 0x6000103d3c80; teamID='8BG6CPVQP5', teamName='SZU HAN LEE', teamType='Individual', username='a82052404@gmail.com', isFreeProvisioningTeam='0'>">
	<IDEDistributionContext: 0x339a69670; archive = "<IDEArchive: 0x600013ea9500>", distributionMethod="<IDEDistributionMethodiOSAppStoreValidation: 0x60000d45c1b0>", team="<IDEProvisioningDisambiguatableBasicTeam: 0x6000103d3c80; teamID='8BG6CPVQP5', teamName='SZU HAN LEE', teamType='Individual', username='a82052404@gmail.com', isFreeProvisioningTeam='0'>">
	<IDEDistributionContext: 0x339bea810; archive = "<IDEArchive: 0x600013ea9500>", distributionMethod="<IDEDistributionMethodiOSAppStoreValidation: 0x60000d45c1b0>", team="<IDEProvisioningDisambiguatableBasicTeam: 0x6000103d3c80; teamID='8BG6CPVQP5', teamName='SZU HAN LEE', teamType='Individual', username='a82052404@gmail.com', isFreeProvisioningTeam='0'>">
	<IDEDistributionContext: 0x339263a90; archive = "<IDEArchive: 0x600013ea9500>", distributionMethod="<IDEDistributionMethodiOSAppStoreValidation: 0x60000d45c1b0>", team="<IDEProvisioningDisambiguatableBasicTeam: 0x6000103d3c80; teamID='8BG6CPVQP5', teamName='SZU HAN LEE', teamType='Individual', username='a82052404@gmail.com', isFreeProvisioningTeam='0'>">
	<IDEDistributionContext: 0x339be8900; archive = "<IDEArchive: 0x600013ea9500>", distributionMethod="<IDEDistributionMethodiOSAppStoreValidation: 0x60000d45c1b0>", team="(null)">
	<IDEDistributionContext: 0x133f15850; archive = "<IDEArchive: 0x600013ea9500>", distributionMethod="<IDEDistributionMethodiOSAppStoreValidation: 0x60000d45c1b0>", team="(null)">
	<IDEDistributionContext: 0x171978ca0; archive = "<IDEArchive: 0x600013ea9500>", distributionMethod="(null)", team="(null)">
	<IDEDistributionContext: 0x141563b20; archive = "<IDEArchive: 0x600013ea9500>", distributionMethod="(null)", team="(null)">
	<IDEDistributionContext: 0x3399b7700; archive = "<IDEArchive: 0x600013ea9500>", distributionMethod="(null)", team="(null)">
</IDEDistributionContext: 0x339bcc980>
2025-04-12 08:31:59 +0000  Found build number for app record.
2025-04-12 08:31:59 +0000  Running step: IDEDistributionOptionsStep with <IDEDistributionContext: 0x339c0b5c0; archive(resolved)="<IDEArchive: 0x600013ea9500>", distributionTask(resolved)="1", distributionDestination(resolved)="2", distributionMethod(resolved)="<IDEDistributionMethodiOSAppStoreValidation: 0x60000d45c1b0>", team(resolved)="<IDEProvisioningDisambiguatableBasicTeam: 0x6000103d3c80; teamID='8BG6CPVQP5', teamName='SZU HAN LEE', teamType='Individual', username='a82052404@gmail.com', isFreeProvisioningTeam='0'>">
	Chain (11, self inclusive):
	<IDEDistributionContext: 0x339c0b5c0; archive = "<IDEArchive: 0x600013ea9500>", distributionMethod="<IDEDistributionMethodiOSAppStoreValidation: 0x60000d45c1b0>", team="<IDEProvisioningDisambiguatableBasicTeam: 0x6000103d3c80; teamID='8BG6CPVQP5', teamName='SZU HAN LEE', teamType='Individual', username='a82052404@gmail.com', isFreeProvisioningTeam='0'>">
	<IDEDistributionContext: 0x339bcc980; archive = "<IDEArchive: 0x600013ea9500>", distributionMethod="<IDEDistributionMethodiOSAppStoreValidation: 0x60000d45c1b0>", team="<IDEProvisioningDisambiguatableBasicTeam: 0x6000103d3c80; teamID='8BG6CPVQP5', teamName='SZU HAN LEE', teamType='Individual', username='a82052404@gmail.com', isFreeProvisioningTeam='0'>">
	<IDEDistributionContext: 0x3392097c0; archive = "<IDEArchive: 0x600013ea9500>", distributionMethod="<IDEDistributionMethodiOSAppStoreValidation: 0x60000d45c1b0>", team="<IDEProvisioningDisambiguatableBasicTeam: 0x6000103d3c80; teamID='8BG6CPVQP5', teamName='SZU HAN LEE', teamType='Individual', username='a82052404@gmail.com', isFreeProvisioningTeam='0'>">
	<IDEDistributionContext: 0x339a69670; archive = "<IDEArchive: 0x600013ea9500>", distributionMethod="<IDEDistributionMethodiOSAppStoreValidation: 0x60000d45c1b0>", team="<IDEProvisioningDisambiguatableBasicTeam: 0x6000103d3c80; teamID='8BG6CPVQP5', teamName='SZU HAN LEE', teamType='Individual', username='a82052404@gmail.com', isFreeProvisioningTeam='0'>">
	<IDEDistributionContext: 0x339bea810; archive = "<IDEArchive: 0x600013ea9500>", distributionMethod="<IDEDistributionMethodiOSAppStoreValidation: 0x60000d45c1b0>", team="<IDEProvisioningDisambiguatableBasicTeam: 0x6000103d3c80; teamID='8BG6CPVQP5', teamName='SZU HAN LEE', teamType='Individual', username='a82052404@gmail.com', isFreeProvisioningTeam='0'>">
	<IDEDistributionContext: 0x339263a90; archive = "<IDEArchive: 0x600013ea9500>", distributionMethod="<IDEDistributionMethodiOSAppStoreValidation: 0x60000d45c1b0>", team="<IDEProvisioningDisambiguatableBasicTeam: 0x6000103d3c80; teamID='8BG6CPVQP5', teamName='SZU HAN LEE', teamType='Individual', username='a82052404@gmail.com', isFreeProvisioningTeam='0'>">
	<IDEDistributionContext: 0x339be8900; archive = "<IDEArchive: 0x600013ea9500>", distributionMethod="<IDEDistributionMethodiOSAppStoreValidation: 0x60000d45c1b0>", team="(null)">
	<IDEDistributionContext: 0x133f15850; archive = "<IDEArchive: 0x600013ea9500>", distributionMethod="<IDEDistributionMethodiOSAppStoreValidation: 0x60000d45c1b0>", team="(null)">
	<IDEDistributionContext: 0x171978ca0; archive = "<IDEArchive: 0x600013ea9500>", distributionMethod="(null)", team="(null)">
	<IDEDistributionContext: 0x141563b20; archive = "<IDEArchive: 0x600013ea9500>", distributionMethod="(null)", team="(null)">
	<IDEDistributionContext: 0x3399b7700; archive = "<IDEArchive: 0x600013ea9500>", distributionMethod="(null)", team="(null)">
</IDEDistributionContext: 0x339c0b5c0>
2025-04-12 08:31:59 +0000  Running step: IDEDistributionSigningMethodStep with <IDEDistributionContext: 0x1415649f0; archive(resolved)="<IDEArchive: 0x600013ea9500>", distributionTask(resolved)="1", distributionDestination(resolved)="2", distributionMethod(resolved)="<IDEDistributionMethodiOSAppStoreValidation: 0x60000d45c1b0>", team(resolved)="<IDEProvisioningDisambiguatableBasicTeam: 0x6000103d3c80; teamID='8BG6CPVQP5', teamName='SZU HAN LEE', teamType='Individual', username='a82052404@gmail.com', isFreeProvisioningTeam='0'>">
	Chain (12, self inclusive):
	<IDEDistributionContext: 0x1415649f0; archive = "<IDEArchive: 0x600013ea9500>", distributionMethod="<IDEDistributionMethodiOSAppStoreValidation: 0x60000d45c1b0>", team="<IDEProvisioningDisambiguatableBasicTeam: 0x6000103d3c80; teamID='8BG6CPVQP5', teamName='SZU HAN LEE', teamType='Individual', username='a82052404@gmail.com', isFreeProvisioningTeam='0'>">
	<IDEDistributionContext: 0x339c0b5c0; archive = "<IDEArchive: 0x600013ea9500>", distributionMethod="<IDEDistributionMethodiOSAppStoreValidation: 0x60000d45c1b0>", team="<IDEProvisioningDisambiguatableBasicTeam: 0x6000103d3c80; teamID='8BG6CPVQP5', teamName='SZU HAN LEE', teamType='Individual', username='a82052404@gmail.com', isFreeProvisioningTeam='0'>">
	<IDEDistributionContext: 0x339bcc980; archive = "<IDEArchive: 0x600013ea9500>", distributionMethod="<IDEDistributionMethodiOSAppStoreValidation: 0x60000d45c1b0>", team="<IDEProvisioningDisambiguatableBasicTeam: 0x6000103d3c80; teamID='8BG6CPVQP5', teamName='SZU HAN LEE', teamType='Individual', username='a82052404@gmail.com', isFreeProvisioningTeam='0'>">
	<IDEDistributionContext: 0x3392097c0; archive = "<IDEArchive: 0x600013ea9500>", distributionMethod="<IDEDistributionMethodiOSAppStoreValidation: 0x60000d45c1b0>", team="<IDEProvisioningDisambiguatableBasicTeam: 0x6000103d3c80; teamID='8BG6CPVQP5', teamName='SZU HAN LEE', teamType='Individual', username='a82052404@gmail.com', isFreeProvisioningTeam='0'>">
	<IDEDistributionContext: 0x339a69670; archive = "<IDEArchive: 0x600013ea9500>", distributionMethod="<IDEDistributionMethodiOSAppStoreValidation: 0x60000d45c1b0>", team="<IDEProvisioningDisambiguatableBasicTeam: 0x6000103d3c80; teamID='8BG6CPVQP5', teamName='SZU HAN LEE', teamType='Individual', username='a82052404@gmail.com', isFreeProvisioningTeam='0'>">
	<IDEDistributionContext: 0x339bea810; archive = "<IDEArchive: 0x600013ea9500>", distributionMethod="<IDEDistributionMethodiOSAppStoreValidation: 0x60000d45c1b0>", team="<IDEProvisioningDisambiguatableBasicTeam: 0x6000103d3c80; teamID='8BG6CPVQP5', teamName='SZU HAN LEE', teamType='Individual', username='a82052404@gmail.com', isFreeProvisioningTeam='0'>">
	<IDEDistributionContext: 0x339263a90; archive = "<IDEArchive: 0x600013ea9500>", distributionMethod="<IDEDistributionMethodiOSAppStoreValidation: 0x60000d45c1b0>", team="<IDEProvisioningDisambiguatableBasicTeam: 0x6000103d3c80; teamID='8BG6CPVQP5', teamName='SZU HAN LEE', teamType='Individual', username='a82052404@gmail.com', isFreeProvisioningTeam='0'>">
	<IDEDistributionContext: 0x339be8900; archive = "<IDEArchive: 0x600013ea9500>", distributionMethod="<IDEDistributionMethodiOSAppStoreValidation: 0x60000d45c1b0>", team="(null)">
	<IDEDistributionContext: 0x133f15850; archive = "<IDEArchive: 0x600013ea9500>", distributionMethod="<IDEDistributionMethodiOSAppStoreValidation: 0x60000d45c1b0>", team="(null)">
	<IDEDistributionContext: 0x171978ca0; archive = "<IDEArchive: 0x600013ea9500>", distributionMethod="(null)", team="(null)">
	<IDEDistributionContext: 0x141563b20; archive = "<IDEArchive: 0x600013ea9500>", distributionMethod="(null)", team="(null)">
	<IDEDistributionContext: 0x3399b7700; archive = "<IDEArchive: 0x600013ea9500>", distributionMethod="(null)", team="(null)">
</IDEDistributionContext: 0x1415649f0>
2025-04-12 08:31:59 +0000  Running step: IDEDistributionSigningAssetsStep with <IDEDistributionContext: 0x127c45a00; archive(resolved)="<IDEArchive: 0x600013ea9500>", distributionTask(resolved)="1", distributionDestination(resolved)="2", distributionMethod(resolved)="<IDEDistributionMethodiOSAppStoreValidation: 0x60000d45c1b0>", team(resolved)="<IDEProvisioningDisambiguatableBasicTeam: 0x6000103d3c80; teamID='8BG6CPVQP5', teamName='SZU HAN LEE', teamType='Individual', username='a82052404@gmail.com', isFreeProvisioningTeam='0'>">
	Chain (13, self inclusive):
	<IDEDistributionContext: 0x127c45a00; archive = "<IDEArchive: 0x600013ea9500>", distributionMethod="<IDEDistributionMethodiOSAppStoreValidation: 0x60000d45c1b0>", team="<IDEProvisioningDisambiguatableBasicTeam: 0x6000103d3c80; teamID='8BG6CPVQP5', teamName='SZU HAN LEE', teamType='Individual', username='a82052404@gmail.com', isFreeProvisioningTeam='0'>">
	<IDEDistributionContext: 0x1415649f0; archive = "<IDEArchive: 0x600013ea9500>", distributionMethod="<IDEDistributionMethodiOSAppStoreValidation: 0x60000d45c1b0>", team="<IDEProvisioningDisambiguatableBasicTeam: 0x6000103d3c80; teamID='8BG6CPVQP5', teamName='SZU HAN LEE', teamType='Individual', username='a82052404@gmail.com', isFreeProvisioningTeam='0'>">
	<IDEDistributionContext: 0x339c0b5c0; archive = "<IDEArchive: 0x600013ea9500>", distributionMethod="<IDEDistributionMethodiOSAppStoreValidation: 0x60000d45c1b0>", team="<IDEProvisioningDisambiguatableBasicTeam: 0x6000103d3c80; teamID='8BG6CPVQP5', teamName='SZU HAN LEE', teamType='Individual', username='a82052404@gmail.com', isFreeProvisioningTeam='0'>">
	<IDEDistributionContext: 0x339bcc980; archive = "<IDEArchive: 0x600013ea9500>", distributionMethod="<IDEDistributionMethodiOSAppStoreValidation: 0x60000d45c1b0>", team="<IDEProvisioningDisambiguatableBasicTeam: 0x6000103d3c80; teamID='8BG6CPVQP5', teamName='SZU HAN LEE', teamType='Individual', username='a82052404@gmail.com', isFreeProvisioningTeam='0'>">
	<IDEDistributionContext: 0x3392097c0; archive = "<IDEArchive: 0x600013ea9500>", distributionMethod="<IDEDistributionMethodiOSAppStoreValidation: 0x60000d45c1b0>", team="<IDEProvisioningDisambiguatableBasicTeam: 0x6000103d3c80; teamID='8BG6CPVQP5', teamName='SZU HAN LEE', teamType='Individual', username='a82052404@gmail.com', isFreeProvisioningTeam='0'>">
	<IDEDistributionContext: 0x339a69670; archive = "<IDEArchive: 0x600013ea9500>", distributionMethod="<IDEDistributionMethodiOSAppStoreValidation: 0x60000d45c1b0>", team="<IDEProvisioningDisambiguatableBasicTeam: 0x6000103d3c80; teamID='8BG6CPVQP5', teamName='SZU HAN LEE', teamType='Individual', username='a82052404@gmail.com', isFreeProvisioningTeam='0'>">
	<IDEDistributionContext: 0x339bea810; archive = "<IDEArchive: 0x600013ea9500>", distributionMethod="<IDEDistributionMethodiOSAppStoreValidation: 0x60000d45c1b0>", team="<IDEProvisioningDisambiguatableBasicTeam: 0x6000103d3c80; teamID='8BG6CPVQP5', teamName='SZU HAN LEE', teamType='Individual', username='a82052404@gmail.com', isFreeProvisioningTeam='0'>">
	<IDEDistributionContext: 0x339263a90; archive = "<IDEArchive: 0x600013ea9500>", distributionMethod="<IDEDistributionMethodiOSAppStoreValidation: 0x60000d45c1b0>", team="<IDEProvisioningDisambiguatableBasicTeam: 0x6000103d3c80; teamID='8BG6CPVQP5', teamName='SZU HAN LEE', teamType='Individual', username='a82052404@gmail.com', isFreeProvisioningTeam='0'>">
	<IDEDistributionContext: 0x339be8900; archive = "<IDEArchive: 0x600013ea9500>", distributionMethod="<IDEDistributionMethodiOSAppStoreValidation: 0x60000d45c1b0>", team="(null)">
	<IDEDistributionContext: 0x133f15850; archive = "<IDEArchive: 0x600013ea9500>", distributionMethod="<IDEDistributionMethodiOSAppStoreValidation: 0x60000d45c1b0>", team="(null)">
	<IDEDistributionContext: 0x171978ca0; archive = "<IDEArchive: 0x600013ea9500>", distributionMethod="(null)", team="(null)">
	<IDEDistributionContext: 0x141563b20; archive = "<IDEArchive: 0x600013ea9500>", distributionMethod="(null)", team="(null)">
	<IDEDistributionContext: 0x3399b7700; archive = "<IDEArchive: 0x600013ea9500>", distributionMethod="(null)", team="(null)">
</IDEDistributionContext: 0x127c45a00>
2025-04-12 08:32:00 +0000  Running step: IDEDistributionPackagingStep with <IDEDistributionContext: 0x175458430; archive(resolved)="<IDEArchive: 0x600013ea9500>", distributionTask(resolved)="1", distributionDestination(resolved)="2", distributionMethod(resolved)="<IDEDistributionMethodiOSAppStoreValidation: 0x60000d45c1b0>", team(resolved)="<IDEProvisioningDisambiguatableBasicTeam: 0x6000103d3c80; teamID='8BG6CPVQP5', teamName='SZU HAN LEE', teamType='Individual', username='a82052404@gmail.com', isFreeProvisioningTeam='0'>">
	Chain (14, self inclusive):
	<IDEDistributionContext: 0x175458430; archive = "<IDEArchive: 0x600013ea9500>", distributionMethod="<IDEDistributionMethodiOSAppStoreValidation: 0x60000d45c1b0>", team="<IDEProvisioningDisambiguatableBasicTeam: 0x6000103d3c80; teamID='8BG6CPVQP5', teamName='SZU HAN LEE', teamType='Individual', username='a82052404@gmail.com', isFreeProvisioningTeam='0'>">
	<IDEDistributionContext: 0x127c45a00; archive = "<IDEArchive: 0x600013ea9500>", distributionMethod="<IDEDistributionMethodiOSAppStoreValidation: 0x60000d45c1b0>", team="<IDEProvisioningDisambiguatableBasicTeam: 0x6000103d3c80; teamID='8BG6CPVQP5', teamName='SZU HAN LEE', teamType='Individual', username='a82052404@gmail.com', isFreeProvisioningTeam='0'>">
	<IDEDistributionContext: 0x1415649f0; archive = "<IDEArchive: 0x600013ea9500>", distributionMethod="<IDEDistributionMethodiOSAppStoreValidation: 0x60000d45c1b0>", team="<IDEProvisioningDisambiguatableBasicTeam: 0x6000103d3c80; teamID='8BG6CPVQP5', teamName='SZU HAN LEE', teamType='Individual', username='a82052404@gmail.com', isFreeProvisioningTeam='0'>">
	<IDEDistributionContext: 0x339c0b5c0; archive = "<IDEArchive: 0x600013ea9500>", distributionMethod="<IDEDistributionMethodiOSAppStoreValidation: 0x60000d45c1b0>", team="<IDEProvisioningDisambiguatableBasicTeam: 0x6000103d3c80; teamID='8BG6CPVQP5', teamName='SZU HAN LEE', teamType='Individual', username='a82052404@gmail.com', isFreeProvisioningTeam='0'>">
	<IDEDistributionContext: 0x339bcc980; archive = "<IDEArchive: 0x600013ea9500>", distributionMethod="<IDEDistributionMethodiOSAppStoreValidation: 0x60000d45c1b0>", team="<IDEProvisioningDisambiguatableBasicTeam: 0x6000103d3c80; teamID='8BG6CPVQP5', teamName='SZU HAN LEE', teamType='Individual', username='a82052404@gmail.com', isFreeProvisioningTeam='0'>">
	<IDEDistributionContext: 0x3392097c0; archive = "<IDEArchive: 0x600013ea9500>", distributionMethod="<IDEDistributionMethodiOSAppStoreValidation: 0x60000d45c1b0>", team="<IDEProvisioningDisambiguatableBasicTeam: 0x6000103d3c80; teamID='8BG6CPVQP5', teamName='SZU HAN LEE', teamType='Individual', username='a82052404@gmail.com', isFreeProvisioningTeam='0'>">
	<IDEDistributionContext: 0x339a69670; archive = "<IDEArchive: 0x600013ea9500>", distributionMethod="<IDEDistributionMethodiOSAppStoreValidation: 0x60000d45c1b0>", team="<IDEProvisioningDisambiguatableBasicTeam: 0x6000103d3c80; teamID='8BG6CPVQP5', teamName='SZU HAN LEE', teamType='Individual', username='a82052404@gmail.com', isFreeProvisioningTeam='0'>">
	<IDEDistributionContext: 0x339bea810; archive = "<IDEArchive: 0x600013ea9500>", distributionMethod="<IDEDistributionMethodiOSAppStoreValidation: 0x60000d45c1b0>", team="<IDEProvisioningDisambiguatableBasicTeam: 0x6000103d3c80; teamID='8BG6CPVQP5', teamName='SZU HAN LEE', teamType='Individual', username='a82052404@gmail.com', isFreeProvisioningTeam='0'>">
	<IDEDistributionContext: 0x339263a90; archive = "<IDEArchive: 0x600013ea9500>", distributionMethod="<IDEDistributionMethodiOSAppStoreValidation: 0x60000d45c1b0>", team="<IDEProvisioningDisambiguatableBasicTeam: 0x6000103d3c80; teamID='8BG6CPVQP5', teamName='SZU HAN LEE', teamType='Individual', username='a82052404@gmail.com', isFreeProvisioningTeam='0'>">
	<IDEDistributionContext: 0x339be8900; archive = "<IDEArchive: 0x600013ea9500>", distributionMethod="<IDEDistributionMethodiOSAppStoreValidation: 0x60000d45c1b0>", team="(null)">
	<IDEDistributionContext: 0x133f15850; archive = "<IDEArchive: 0x600013ea9500>", distributionMethod="<IDEDistributionMethodiOSAppStoreValidation: 0x60000d45c1b0>", team="(null)">
	<IDEDistributionContext: 0x171978ca0; archive = "<IDEArchive: 0x600013ea9500>", distributionMethod="(null)", team="(null)">
	<IDEDistributionContext: 0x141563b20; archive = "<IDEArchive: 0x600013ea9500>", distributionMethod="(null)", team="(null)">
	<IDEDistributionContext: 0x3399b7700; archive = "<IDEArchive: 0x600013ea9500>", distributionMethod="(null)", team="(null)">
</IDEDistributionContext: 0x175458430>
2025-04-12 08:32:01 +0000  Running step: IDEDistributionSummaryStep with <IDEDistributionContext: 0x133fa4690; archive(resolved)="<IDEArchive: 0x600013ea9500>", distributionTask(resolved)="1", distributionDestination(resolved)="2", distributionMethod(resolved)="<IDEDistributionMethodiOSAppStoreValidation: 0x60000d45c1b0>", team(resolved)="<IDEProvisioningDisambiguatableBasicTeam: 0x6000103d3c80; teamID='8BG6CPVQP5', teamName='SZU HAN LEE', teamType='Individual', username='a82052404@gmail.com', isFreeProvisioningTeam='0'>">
	Chain (15, self inclusive):
	<IDEDistributionContext: 0x133fa4690; archive = "<IDEArchive: 0x600013ea9500>", distributionMethod="<IDEDistributionMethodiOSAppStoreValidation: 0x60000d45c1b0>", team="<IDEProvisioningDisambiguatableBasicTeam: 0x6000103d3c80; teamID='8BG6CPVQP5', teamName='SZU HAN LEE', teamType='Individual', username='a82052404@gmail.com', isFreeProvisioningTeam='0'>">
	<IDEDistributionContext: 0x175458430; archive = "<IDEArchive: 0x600013ea9500>", distributionMethod="<IDEDistributionMethodiOSAppStoreValidation: 0x60000d45c1b0>", team="<IDEProvisioningDisambiguatableBasicTeam: 0x6000103d3c80; teamID='8BG6CPVQP5', teamName='SZU HAN LEE', teamType='Individual', username='a82052404@gmail.com', isFreeProvisioningTeam='0'>">
	<IDEDistributionContext: 0x127c45a00; archive = "<IDEArchive: 0x600013ea9500>", distributionMethod="<IDEDistributionMethodiOSAppStoreValidation: 0x60000d45c1b0>", team="<IDEProvisioningDisambiguatableBasicTeam: 0x6000103d3c80; teamID='8BG6CPVQP5', teamName='SZU HAN LEE', teamType='Individual', username='a82052404@gmail.com', isFreeProvisioningTeam='0'>">
	<IDEDistributionContext: 0x1415649f0; archive = "<IDEArchive: 0x600013ea9500>", distributionMethod="<IDEDistributionMethodiOSAppStoreValidation: 0x60000d45c1b0>", team="<IDEProvisioningDisambiguatableBasicTeam: 0x6000103d3c80; teamID='8BG6CPVQP5', teamName='SZU HAN LEE', teamType='Individual', username='a82052404@gmail.com', isFreeProvisioningTeam='0'>">
	<IDEDistributionContext: 0x339c0b5c0; archive = "<IDEArchive: 0x600013ea9500>", distributionMethod="<IDEDistributionMethodiOSAppStoreValidation: 0x60000d45c1b0>", team="<IDEProvisioningDisambiguatableBasicTeam: 0x6000103d3c80; teamID='8BG6CPVQP5', teamName='SZU HAN LEE', teamType='Individual', username='a82052404@gmail.com', isFreeProvisioningTeam='0'>">
	<IDEDistributionContext: 0x339bcc980; archive = "<IDEArchive: 0x600013ea9500>", distributionMethod="<IDEDistributionMethodiOSAppStoreValidation: 0x60000d45c1b0>", team="<IDEProvisioningDisambiguatableBasicTeam: 0x6000103d3c80; teamID='8BG6CPVQP5', teamName='SZU HAN LEE', teamType='Individual', username='a82052404@gmail.com', isFreeProvisioningTeam='0'>">
	<IDEDistributionContext: 0x3392097c0; archive = "<IDEArchive: 0x600013ea9500>", distributionMethod="<IDEDistributionMethodiOSAppStoreValidation: 0x60000d45c1b0>", team="<IDEProvisioningDisambiguatableBasicTeam: 0x6000103d3c80; teamID='8BG6CPVQP5', teamName='SZU HAN LEE', teamType='Individual', username='a82052404@gmail.com', isFreeProvisioningTeam='0'>">
	<IDEDistributionContext: 0x339a69670; archive = "<IDEArchive: 0x600013ea9500>", distributionMethod="<IDEDistributionMethodiOSAppStoreValidation: 0x60000d45c1b0>", team="<IDEProvisioningDisambiguatableBasicTeam: 0x6000103d3c80; teamID='8BG6CPVQP5', teamName='SZU HAN LEE', teamType='Individual', username='a82052404@gmail.com', isFreeProvisioningTeam='0'>">
	<IDEDistributionContext: 0x339bea810; archive = "<IDEArchive: 0x600013ea9500>", distributionMethod="<IDEDistributionMethodiOSAppStoreValidation: 0x60000d45c1b0>", team="<IDEProvisioningDisambiguatableBasicTeam: 0x6000103d3c80; teamID='8BG6CPVQP5', teamName='SZU HAN LEE', teamType='Individual', username='a82052404@gmail.com', isFreeProvisioningTeam='0'>">
	<IDEDistributionContext: 0x339263a90; archive = "<IDEArchive: 0x600013ea9500>", distributionMethod="<IDEDistributionMethodiOSAppStoreValidation: 0x60000d45c1b0>", team="<IDEProvisioningDisambiguatableBasicTeam: 0x6000103d3c80; teamID='8BG6CPVQP5', teamName='SZU HAN LEE', teamType='Individual', username='a82052404@gmail.com', isFreeProvisioningTeam='0'>">
	<IDEDistributionContext: 0x339be8900; archive = "<IDEArchive: 0x600013ea9500>", distributionMethod="<IDEDistributionMethodiOSAppStoreValidation: 0x60000d45c1b0>", team="(null)">
	<IDEDistributionContext: 0x133f15850; archive = "<IDEArchive: 0x600013ea9500>", distributionMethod="<IDEDistributionMethodiOSAppStoreValidation: 0x60000d45c1b0>", team="(null)">
	<IDEDistributionContext: 0x171978ca0; archive = "<IDEArchive: 0x600013ea9500>", distributionMethod="(null)", team="(null)">
	<IDEDistributionContext: 0x141563b20; archive = "<IDEArchive: 0x600013ea9500>", distributionMethod="(null)", team="(null)">
	<IDEDistributionContext: 0x3399b7700; archive = "<IDEArchive: 0x600013ea9500>", distributionMethod="(null)", team="(null)">
</IDEDistributionContext: 0x133fa4690>
2025-04-12 08:32:01 +0000  Running step: IDEDistributionValidationStep with <IDEDistributionContext: 0x14119ba10; archive(resolved)="<IDEArchive: 0x600013ea9500>", distributionTask(resolved)="1", distributionDestination(resolved)="2", distributionMethod(resolved)="<IDEDistributionMethodiOSAppStoreValidation: 0x60000d45c1b0>", team(resolved)="<IDEProvisioningDisambiguatableBasicTeam: 0x6000103d3c80; teamID='8BG6CPVQP5', teamName='SZU HAN LEE', teamType='Individual', username='a82052404@gmail.com', isFreeProvisioningTeam='0'>">
	Chain (16, self inclusive):
	<IDEDistributionContext: 0x14119ba10; archive = "<IDEArchive: 0x600013ea9500>", distributionMethod="<IDEDistributionMethodiOSAppStoreValidation: 0x60000d45c1b0>", team="<IDEProvisioningDisambiguatableBasicTeam: 0x6000103d3c80; teamID='8BG6CPVQP5', teamName='SZU HAN LEE', teamType='Individual', username='a82052404@gmail.com', isFreeProvisioningTeam='0'>">
	<IDEDistributionContext: 0x133fa4690; archive = "<IDEArchive: 0x600013ea9500>", distributionMethod="<IDEDistributionMethodiOSAppStoreValidation: 0x60000d45c1b0>", team="<IDEProvisioningDisambiguatableBasicTeam: 0x6000103d3c80; teamID='8BG6CPVQP5', teamName='SZU HAN LEE', teamType='Individual', username='a82052404@gmail.com', isFreeProvisioningTeam='0'>">
	<IDEDistributionContext: 0x175458430; archive = "<IDEArchive: 0x600013ea9500>", distributionMethod="<IDEDistributionMethodiOSAppStoreValidation: 0x60000d45c1b0>", team="<IDEProvisioningDisambiguatableBasicTeam: 0x6000103d3c80; teamID='8BG6CPVQP5', teamName='SZU HAN LEE', teamType='Individual', username='a82052404@gmail.com', isFreeProvisioningTeam='0'>">
	<IDEDistributionContext: 0x127c45a00; archive = "<IDEArchive: 0x600013ea9500>", distributionMethod="<IDEDistributionMethodiOSAppStoreValidation: 0x60000d45c1b0>", team="<IDEProvisioningDisambiguatableBasicTeam: 0x6000103d3c80; teamID='8BG6CPVQP5', teamName='SZU HAN LEE', teamType='Individual', username='a82052404@gmail.com', isFreeProvisioningTeam='0'>">
	<IDEDistributionContext: 0x1415649f0; archive = "<IDEArchive: 0x600013ea9500>", distributionMethod="<IDEDistributionMethodiOSAppStoreValidation: 0x60000d45c1b0>", team="<IDEProvisioningDisambiguatableBasicTeam: 0x6000103d3c80; teamID='8BG6CPVQP5', teamName='SZU HAN LEE', teamType='Individual', username='a82052404@gmail.com', isFreeProvisioningTeam='0'>">
	<IDEDistributionContext: 0x339c0b5c0; archive = "<IDEArchive: 0x600013ea9500>", distributionMethod="<IDEDistributionMethodiOSAppStoreValidation: 0x60000d45c1b0>", team="<IDEProvisioningDisambiguatableBasicTeam: 0x6000103d3c80; teamID='8BG6CPVQP5', teamName='SZU HAN LEE', teamType='Individual', username='a82052404@gmail.com', isFreeProvisioningTeam='0'>">
	<IDEDistributionContext: 0x339bcc980; archive = "<IDEArchive: 0x600013ea9500>", distributionMethod="<IDEDistributionMethodiOSAppStoreValidation: 0x60000d45c1b0>", team="<IDEProvisioningDisambiguatableBasicTeam: 0x6000103d3c80; teamID='8BG6CPVQP5', teamName='SZU HAN LEE', teamType='Individual', username='a82052404@gmail.com', isFreeProvisioningTeam='0'>">
	<IDEDistributionContext: 0x3392097c0; archive = "<IDEArchive: 0x600013ea9500>", distributionMethod="<IDEDistributionMethodiOSAppStoreValidation: 0x60000d45c1b0>", team="<IDEProvisioningDisambiguatableBasicTeam: 0x6000103d3c80; teamID='8BG6CPVQP5', teamName='SZU HAN LEE', teamType='Individual', username='a82052404@gmail.com', isFreeProvisioningTeam='0'>">
	<IDEDistributionContext: 0x339a69670; archive = "<IDEArchive: 0x600013ea9500>", distributionMethod="<IDEDistributionMethodiOSAppStoreValidation: 0x60000d45c1b0>", team="<IDEProvisioningDisambiguatableBasicTeam: 0x6000103d3c80; teamID='8BG6CPVQP5', teamName='SZU HAN LEE', teamType='Individual', username='a82052404@gmail.com', isFreeProvisioningTeam='0'>">
	<IDEDistributionContext: 0x339bea810; archive = "<IDEArchive: 0x600013ea9500>", distributionMethod="<IDEDistributionMethodiOSAppStoreValidation: 0x60000d45c1b0>", team="<IDEProvisioningDisambiguatableBasicTeam: 0x6000103d3c80; teamID='8BG6CPVQP5', teamName='SZU HAN LEE', teamType='Individual', username='a82052404@gmail.com', isFreeProvisioningTeam='0'>">
	<IDEDistributionContext: 0x339263a90; archive = "<IDEArchive: 0x600013ea9500>", distributionMethod="<IDEDistributionMethodiOSAppStoreValidation: 0x60000d45c1b0>", team="<IDEProvisioningDisambiguatableBasicTeam: 0x6000103d3c80; teamID='8BG6CPVQP5', teamName='SZU HAN LEE', teamType='Individual', username='a82052404@gmail.com', isFreeProvisioningTeam='0'>">
	<IDEDistributionContext: 0x339be8900; archive = "<IDEArchive: 0x600013ea9500>", distributionMethod="<IDEDistributionMethodiOSAppStoreValidation: 0x60000d45c1b0>", team="(null)">
	<IDEDistributionContext: 0x133f15850; archive = "<IDEArchive: 0x600013ea9500>", distributionMethod="<IDEDistributionMethodiOSAppStoreValidation: 0x60000d45c1b0>", team="(null)">
	<IDEDistributionContext: 0x171978ca0; archive = "<IDEArchive: 0x600013ea9500>", distributionMethod="(null)", team="(null)">
	<IDEDistributionContext: 0x141563b20; archive = "<IDEArchive: 0x600013ea9500>", distributionMethod="(null)", team="(null)">
	<IDEDistributionContext: 0x3399b7700; archive = "<IDEArchive: 0x600013ea9500>", distributionMethod="(null)", team="(null)">
</IDEDistributionContext: 0x14119ba10>
2025-04-12 08:32:25 +0000  Running step: IDEDistributionResultStep with <IDEDistributionContext: 0x171991e40; archive(resolved)="<IDEArchive: 0x600013ea9500>", distributionTask(resolved)="1", distributionDestination(resolved)="2", distributionMethod(resolved)="<IDEDistributionMethodiOSAppStoreValidation: 0x60000d45c1b0>", team(resolved)="<IDEProvisioningDisambiguatableBasicTeam: 0x6000103d3c80; teamID='8BG6CPVQP5', teamName='SZU HAN LEE', teamType='Individual', username='a82052404@gmail.com', isFreeProvisioningTeam='0'>">
	Chain (17, self inclusive):
	<IDEDistributionContext: 0x171991e40; archive = "<IDEArchive: 0x600013ea9500>", distributionMethod="<IDEDistributionMethodiOSAppStoreValidation: 0x60000d45c1b0>", team="<IDEProvisioningDisambiguatableBasicTeam: 0x6000103d3c80; teamID='8BG6CPVQP5', teamName='SZU HAN LEE', teamType='Individual', username='a82052404@gmail.com', isFreeProvisioningTeam='0'>">
	<IDEDistributionContext: 0x14119ba10; archive = "<IDEArchive: 0x600013ea9500>", distributionMethod="<IDEDistributionMethodiOSAppStoreValidation: 0x60000d45c1b0>", team="<IDEProvisioningDisambiguatableBasicTeam: 0x6000103d3c80; teamID='8BG6CPVQP5', teamName='SZU HAN LEE', teamType='Individual', username='a82052404@gmail.com', isFreeProvisioningTeam='0'>">
	<IDEDistributionContext: 0x133fa4690; archive = "<IDEArchive: 0x600013ea9500>", distributionMethod="<IDEDistributionMethodiOSAppStoreValidation: 0x60000d45c1b0>", team="<IDEProvisioningDisambiguatableBasicTeam: 0x6000103d3c80; teamID='8BG6CPVQP5', teamName='SZU HAN LEE', teamType='Individual', username='a82052404@gmail.com', isFreeProvisioningTeam='0'>">
	<IDEDistributionContext: 0x175458430; archive = "<IDEArchive: 0x600013ea9500>", distributionMethod="<IDEDistributionMethodiOSAppStoreValidation: 0x60000d45c1b0>", team="<IDEProvisioningDisambiguatableBasicTeam: 0x6000103d3c80; teamID='8BG6CPVQP5', teamName='SZU HAN LEE', teamType='Individual', username='a82052404@gmail.com', isFreeProvisioningTeam='0'>">
	<IDEDistributionContext: 0x127c45a00; archive = "<IDEArchive: 0x600013ea9500>", distributionMethod="<IDEDistributionMethodiOSAppStoreValidation: 0x60000d45c1b0>", team="<IDEProvisioningDisambiguatableBasicTeam: 0x6000103d3c80; teamID='8BG6CPVQP5', teamName='SZU HAN LEE', teamType='Individual', username='a82052404@gmail.com', isFreeProvisioningTeam='0'>">
	<IDEDistributionContext: 0x1415649f0; archive = "<IDEArchive: 0x600013ea9500>", distributionMethod="<IDEDistributionMethodiOSAppStoreValidation: 0x60000d45c1b0>", team="<IDEProvisioningDisambiguatableBasicTeam: 0x6000103d3c80; teamID='8BG6CPVQP5', teamName='SZU HAN LEE', teamType='Individual', username='a82052404@gmail.com', isFreeProvisioningTeam='0'>">
	<IDEDistributionContext: 0x339c0b5c0; archive = "<IDEArchive: 0x600013ea9500>", distributionMethod="<IDEDistributionMethodiOSAppStoreValidation: 0x60000d45c1b0>", team="<IDEProvisioningDisambiguatableBasicTeam: 0x6000103d3c80; teamID='8BG6CPVQP5', teamName='SZU HAN LEE', teamType='Individual', username='a82052404@gmail.com', isFreeProvisioningTeam='0'>">
	<IDEDistributionContext: 0x339bcc980; archive = "<IDEArchive: 0x600013ea9500>", distributionMethod="<IDEDistributionMethodiOSAppStoreValidation: 0x60000d45c1b0>", team="<IDEProvisioningDisambiguatableBasicTeam: 0x6000103d3c80; teamID='8BG6CPVQP5', teamName='SZU HAN LEE', teamType='Individual', username='a82052404@gmail.com', isFreeProvisioningTeam='0'>">
	<IDEDistributionContext: 0x3392097c0; archive = "<IDEArchive: 0x600013ea9500>", distributionMethod="<IDEDistributionMethodiOSAppStoreValidation: 0x60000d45c1b0>", team="<IDEProvisioningDisambiguatableBasicTeam: 0x6000103d3c80; teamID='8BG6CPVQP5', teamName='SZU HAN LEE', teamType='Individual', username='a82052404@gmail.com', isFreeProvisioningTeam='0'>">
	<IDEDistributionContext: 0x339a69670; archive = "<IDEArchive: 0x600013ea9500>", distributionMethod="<IDEDistributionMethodiOSAppStoreValidation: 0x60000d45c1b0>", team="<IDEProvisioningDisambiguatableBasicTeam: 0x6000103d3c80; teamID='8BG6CPVQP5', teamName='SZU HAN LEE', teamType='Individual', username='a82052404@gmail.com', isFreeProvisioningTeam='0'>">
	<IDEDistributionContext: 0x339bea810; archive = "<IDEArchive: 0x600013ea9500>", distributionMethod="<IDEDistributionMethodiOSAppStoreValidation: 0x60000d45c1b0>", team="<IDEProvisioningDisambiguatableBasicTeam: 0x6000103d3c80; teamID='8BG6CPVQP5', teamName='SZU HAN LEE', teamType='Individual', username='a82052404@gmail.com', isFreeProvisioningTeam='0'>">
	<IDEDistributionContext: 0x339263a90; archive = "<IDEArchive: 0x600013ea9500>", distributionMethod="<IDEDistributionMethodiOSAppStoreValidation: 0x60000d45c1b0>", team="<IDEProvisioningDisambiguatableBasicTeam: 0x6000103d3c80; teamID='8BG6CPVQP5', teamName='SZU HAN LEE', teamType='Individual', username='a82052404@gmail.com', isFreeProvisioningTeam='0'>">
	<IDEDistributionContext: 0x339be8900; archive = "<IDEArchive: 0x600013ea9500>", distributionMethod="<IDEDistributionMethodiOSAppStoreValidation: 0x60000d45c1b0>", team="(null)">
	<IDEDistributionContext: 0x133f15850; archive = "<IDEArchive: 0x600013ea9500>", distributionMethod="<IDEDistributionMethodiOSAppStoreValidation: 0x60000d45c1b0>", team="(null)">
	<IDEDistributionContext: 0x171978ca0; archive = "<IDEArchive: 0x600013ea9500>", distributionMethod="(null)", team="(null)">
	<IDEDistributionContext: 0x141563b20; archive = "<IDEArchive: 0x600013ea9500>", distributionMethod="(null)", team="(null)">
	<IDEDistributionContext: 0x3399b7700; archive = "<IDEArchive: 0x600013ea9500>", distributionMethod="(null)", team="(null)">
</IDEDistributionContext: 0x171991e40>
2025-04-12 08:32:25 +0000 [MT] Proceeding to distribution step IDEDistributionResultStepViewController, context: <IDEDistributionContext: 0x133fd75e0; archive(resolved)="<IDEArchive: 0x600013ea9500>", distributionTask(resolved)="1", distributionDestination(resolved)="2", distributionMethod(resolved)="<IDEDistributionMethodiOSAppStoreValidation: 0x60000d45c1b0>", team(resolved)="<IDEProvisioningDisambiguatableBasicTeam: 0x6000103d3c80; teamID='8BG6CPVQP5', teamName='SZU HAN LEE', teamType='Individual', username='a82052404@gmail.com', isFreeProvisioningTeam='0'>">
	Chain (20, self inclusive):
	<IDEDistributionContext: 0x133fd75e0; archive = "<IDEArchive: 0x600013ea9500>", distributionMethod="<IDEDistributionMethodiOSAppStoreValidation: 0x60000d45c1b0>", team="<IDEProvisioningDisambiguatableBasicTeam: 0x6000103d3c80; teamID='8BG6CPVQP5', teamName='SZU HAN LEE', teamType='Individual', username='a82052404@gmail.com', isFreeProvisioningTeam='0'>">
	<IDEDistributionContext: 0x1754819a0; archive = "<IDEArchive: 0x600013ea9500>", distributionMethod="<IDEDistributionMethodiOSAppStoreValidation: 0x60000d45c1b0>", team="<IDEProvisioningDisambiguatableBasicTeam: 0x6000103d3c80; teamID='8BG6CPVQP5', teamName='SZU HAN LEE', teamType='Individual', username='a82052404@gmail.com', isFreeProvisioningTeam='0'>">
	<IDEDistributionContext: 0x1719fe2f0; archive = "<IDEArchive: 0x600013ea9500>", distributionMethod="<IDEDistributionMethodiOSAppStoreValidation: 0x60000d45c1b0>", team="<IDEProvisioningDisambiguatableBasicTeam: 0x6000103d3c80; teamID='8BG6CPVQP5', teamName='SZU HAN LEE', teamType='Individual', username='a82052404@gmail.com', isFreeProvisioningTeam='0'>">
	<IDEDistributionContext: 0x171991e40; archive = "<IDEArchive: 0x600013ea9500>", distributionMethod="<IDEDistributionMethodiOSAppStoreValidation: 0x60000d45c1b0>", team="<IDEProvisioningDisambiguatableBasicTeam: 0x6000103d3c80; teamID='8BG6CPVQP5', teamName='SZU HAN LEE', teamType='Individual', username='a82052404@gmail.com', isFreeProvisioningTeam='0'>">
	<IDEDistributionContext: 0x14119ba10; archive = "<IDEArchive: 0x600013ea9500>", distributionMethod="<IDEDistributionMethodiOSAppStoreValidation: 0x60000d45c1b0>", team="<IDEProvisioningDisambiguatableBasicTeam: 0x6000103d3c80; teamID='8BG6CPVQP5', teamName='SZU HAN LEE', teamType='Individual', username='a82052404@gmail.com', isFreeProvisioningTeam='0'>">
	<IDEDistributionContext: 0x133fa4690; archive = "<IDEArchive: 0x600013ea9500>", distributionMethod="<IDEDistributionMethodiOSAppStoreValidation: 0x60000d45c1b0>", team="<IDEProvisioningDisambiguatableBasicTeam: 0x6000103d3c80; teamID='8BG6CPVQP5', teamName='SZU HAN LEE', teamType='Individual', username='a82052404@gmail.com', isFreeProvisioningTeam='0'>">
	<IDEDistributionContext: 0x175458430; archive = "<IDEArchive: 0x600013ea9500>", distributionMethod="<IDEDistributionMethodiOSAppStoreValidation: 0x60000d45c1b0>", team="<IDEProvisioningDisambiguatableBasicTeam: 0x6000103d3c80; teamID='8BG6CPVQP5', teamName='SZU HAN LEE', teamType='Individual', username='a82052404@gmail.com', isFreeProvisioningTeam='0'>">
	<IDEDistributionContext: 0x127c45a00; archive = "<IDEArchive: 0x600013ea9500>", distributionMethod="<IDEDistributionMethodiOSAppStoreValidation: 0x60000d45c1b0>", team="<IDEProvisioningDisambiguatableBasicTeam: 0x6000103d3c80; teamID='8BG6CPVQP5', teamName='SZU HAN LEE', teamType='Individual', username='a82052404@gmail.com', isFreeProvisioningTeam='0'>">
	<IDEDistributionContext: 0x1415649f0; archive = "<IDEArchive: 0x600013ea9500>", distributionMethod="<IDEDistributionMethodiOSAppStoreValidation: 0x60000d45c1b0>", team="<IDEProvisioningDisambiguatableBasicTeam: 0x6000103d3c80; teamID='8BG6CPVQP5', teamName='SZU HAN LEE', teamType='Individual', username='a82052404@gmail.com', isFreeProvisioningTeam='0'>">
	<IDEDistributionContext: 0x339c0b5c0; archive = "<IDEArchive: 0x600013ea9500>", distributionMethod="<IDEDistributionMethodiOSAppStoreValidation: 0x60000d45c1b0>", team="<IDEProvisioningDisambiguatableBasicTeam: 0x6000103d3c80; teamID='8BG6CPVQP5', teamName='SZU HAN LEE', teamType='Individual', username='a82052404@gmail.com', isFreeProvisioningTeam='0'>">
	<IDEDistributionContext: 0x339bcc980; archive = "<IDEArchive: 0x600013ea9500>", distributionMethod="<IDEDistributionMethodiOSAppStoreValidation: 0x60000d45c1b0>", team="<IDEProvisioningDisambiguatableBasicTeam: 0x6000103d3c80; teamID='8BG6CPVQP5', teamName='SZU HAN LEE', teamType='Individual', username='a82052404@gmail.com', isFreeProvisioningTeam='0'>">
	<IDEDistributionContext: 0x3392097c0; archive = "<IDEArchive: 0x600013ea9500>", distributionMethod="<IDEDistributionMethodiOSAppStoreValidation: 0x60000d45c1b0>", team="<IDEProvisioningDisambiguatableBasicTeam: 0x6000103d3c80; teamID='8BG6CPVQP5', teamName='SZU HAN LEE', teamType='Individual', username='a82052404@gmail.com', isFreeProvisioningTeam='0'>">
	<IDEDistributionContext: 0x339a69670; archive = "<IDEArchive: 0x600013ea9500>", distributionMethod="<IDEDistributionMethodiOSAppStoreValidation: 0x60000d45c1b0>", team="<IDEProvisioningDisambiguatableBasicTeam: 0x6000103d3c80; teamID='8BG6CPVQP5', teamName='SZU HAN LEE', teamType='Individual', username='a82052404@gmail.com', isFreeProvisioningTeam='0'>">
	<IDEDistributionContext: 0x339bea810; archive = "<IDEArchive: 0x600013ea9500>", distributionMethod="<IDEDistributionMethodiOSAppStoreValidation: 0x60000d45c1b0>", team="<IDEProvisioningDisambiguatableBasicTeam: 0x6000103d3c80; teamID='8BG6CPVQP5', teamName='SZU HAN LEE', teamType='Individual', username='a82052404@gmail.com', isFreeProvisioningTeam='0'>">
	<IDEDistributionContext: 0x339263a90; archive = "<IDEArchive: 0x600013ea9500>", distributionMethod="<IDEDistributionMethodiOSAppStoreValidation: 0x60000d45c1b0>", team="<IDEProvisioningDisambiguatableBasicTeam: 0x6000103d3c80; teamID='8BG6CPVQP5', teamName='SZU HAN LEE', teamType='Individual', username='a82052404@gmail.com', isFreeProvisioningTeam='0'>">
	<IDEDistributionContext: 0x339be8900; archive = "<IDEArchive: 0x600013ea9500>", distributionMethod="<IDEDistributionMethodiOSAppStoreValidation: 0x60000d45c1b0>", team="(null)">
	<IDEDistributionContext: 0x133f15850; archive = "<IDEArchive: 0x600013ea9500>", distributionMethod="<IDEDistributionMethodiOSAppStoreValidation: 0x60000d45c1b0>", team="(null)">
	<IDEDistributionContext: 0x171978ca0; archive = "<IDEArchive: 0x600013ea9500>", distributionMethod="(null)", team="(null)">
	<IDEDistributionContext: 0x141563b20; archive = "<IDEArchive: 0x600013ea9500>", distributionMethod="(null)", team="(null)">
	<IDEDistributionContext: 0x3399b7700; archive = "<IDEArchive: 0x600013ea9500>", distributionMethod="(null)", team="(null)">
</IDEDistributionContext: 0x133fd75e0>
2025-04-12 08:32:25 +0000 [MT] Validation for archive powernap Watch App had issues:
(
    "<IDEDistributionIssue: severity(error), error(Error Domain=ContentDelivery Code=409 \"Validation failed\" UserInfo={IDEDistributionIssueSeverity=3, NSLocalizedDescription=Validation failed, NSLocalizedRecoverySuggestion=Invalid Bundle. The watch app 'powernap.app/Watch/powernap Watch App.app' cannot contain the 'WKCompanionAppBundleIdentifier' Info.plist key if its watch extension has the 'WKWatchOnly' Info.plist key set to 'true'. (ID: 5fc9a480-9fa5-40ac-97ec-aaa531002bd1)})>"
)
